Log file open, 04/05/18 19:01:53
LogWindows: Failed to load 'aqProf.dll' (GetLastError=126)
LogWindows: File 'aqProf.dll' does not exist
LogWindows: Failed to load 'VSPerf140.dll' (GetLastError=126)
LogWindows: File 'VSPerf140.dll' does not exist
LogWindows: Failed to load 'VtuneApi.dll' (GetLastError=126)
LogWindows: File 'VtuneApi.dll' does not exist
LogWindows: Failed to load 'VtuneApi32e.dll' (GetLastError=126)
LogWindows: File 'VtuneApi32e.dll' does not exist
LogInit: Display: Running engine for game: MediocreBrawlSisters
LogPlatformFile: Not using cached read wrapper
LogInit: Display: RandInit(-1290449103) SRandInit(-1290449103).
LogInit: Read version file with build ID '3709383'
LogInit: Overriding engine version to CL 3832480, compatible CL 3709383
LogInit: Registered custom module enumerator with build ID '3709383'
LogTaskGraph: Started task graph with 5 named threads and 14 total threads with 3 sets of task threads.
LogStats: Stats thread started at 0.170233
LogD3D11RHI: Aftermath initialized
LogModuleManager: Display: Found up-to-date module file ../../../Engine/Plugins/2D/Paper2D/Binaries/Win64/UE4Editor-Paper2D.dll (API version 3709383).
LogModuleManager: Display: Found up-to-date module file ../../../Engine/Plugins/2D/Paper2D/Binaries/Win64/UE4Editor-Paper2DEditor.dll (API version 3709383).
LogModuleManager: Display: Found up-to-date module file ../../../Engine/Plugins/2D/Paper2D/Binaries/Win64/UE4Editor-PaperSpriteSheetImporter.dll (API version 3709383).
LogModuleManager: Display: Found up-to-date module file ../../../Engine/Plugins/2D/Paper2D/Binaries/Win64/UE4Editor-PaperTiledImporter.dll (API version 3709383).
LogModuleManager: Display: Found up-to-date module file ../../../Engine/Plugins/2D/Paper2D/Binaries/Win64/UE4Editor-SmartSnapping.dll (API version 3709383).
LogModuleManager: Display: Found up-to-date module file ../../../Engine/Plugins/Blendables/LightPropagationVolume/Binaries/Win64/UE4Editor-LightPropagationVolumeRuntime.dll (API version 3709383).
LogModuleManager: Display: Found up-to-date module file ../../../Engine/Plugins/Blendables/LightPropagationVolume/Binaries/Win64/UE4Editor-LightPropagationVolumeEditor.dll (API version 3709383).
LogModuleManager: Display: Found up-to-date module file ../../../Engine/Plugins/Developer/GitSourceControl/Binaries/Win64/UE4Editor-GitSourceControl.dll (API version 3709383).
LogModuleManager: Display: Found up-to-date module file ../../../Engine/Plugins/Developer/PerforceSourceControl/Binaries/Win64/UE4Editor-PerforceSourceControl.dll (API version 3709383).
LogModuleManager: Display: Found up-to-date module file ../../../Engine/Plugins/Developer/SubversionSourceControl/Binaries/Win64/UE4Editor-SubversionSourceControl.dll (API version 3709383).
LogModuleManager: Display: Found up-to-date module file ../../../Engine/Plugins/Developer/UObjectPlugin/Binaries/Win64/UE4Editor-UObjectPlugin.dll (API version 3709383).
LogModuleManager: Display: Found up-to-date module file ../../../Engine/Plugins/Developer/VisualStudioCodeSourceCodeAccess/Binaries/Win64/UE4Editor-VisualStudioCodeSourceCodeAccess.dll (API version 3709383).
LogModuleManager: Display: Found up-to-date module file ../../../Engine/Plugins/Developer/VisualStudioSourceCodeAccess/Binaries/Win64/UE4Editor-VisualStudioSourceCodeAccess.dll (API version 3709383).
LogModuleManager: Display: Found up-to-date module file ../../../Engine/Plugins/Editor/AssetManagerEditor/Binaries/Win64/UE4Editor-AssetManagerEditor.dll (API version 3709383).
LogModuleManager: Display: Found up-to-date module file ../../../Engine/Plugins/Editor/AudioCapture/Binaries/Win64/UE4Editor-AudioCapture.dll (API version 3709383).
LogModuleManager: Display: Found up-to-date module file ../../../Engine/Plugins/Editor/FacialAnimation/Binaries/Win64/UE4Editor-FacialAnimation.dll (API version 3709383).
LogModuleManager: Display: Found up-to-date module file ../../../Engine/Plugins/Editor/FacialAnimation/Binaries/Win64/UE4Editor-FacialAnimationEditor.dll (API version 3709383).
LogModuleManager: Display: Found up-to-date module file ../../../Engine/Plugins/Editor/GameplayTagsEditor/Binaries/Win64/UE4Editor-GameplayTagsEditor.dll (API version 3709383).
LogModuleManager: Display: Found up-to-date module file ../../../Engine/Plugins/Editor/MobileLauncherProfileWizard/Binaries/Win64/UE4Editor-MobileLauncherProfileWizard.dll (API version 3709383).
LogModuleManager: Display: Found up-to-date module file ../../../Engine/Plugins/Editor/PluginBrowser/Binaries/Win64/UE4Editor-PluginBrowser.dll (API version 3709383).
LogModuleManager: Display: Found up-to-date module file ../../../Engine/Plugins/Editor/SpeedTreeImporter/Binaries/Win64/UE4Editor-SpeedTreeImporter.dll (API version 3709383).
LogModuleManager: Display: Found up-to-date module file ../../../Engine/Plugins/Experimental/AlembicImporter/Binaries/Win64/UE4Editor-AlembicImporter.dll (API version 3709383).
LogModuleManager: Display: Found up-to-date module file ../../../Engine/Plugins/Experimental/AlembicImporter/Binaries/Win64/UE4Editor-AlembicLibrary.dll (API version 3709383).
LogModuleManager: Display: Found up-to-date module file ../../../Engine/Plugins/Experimental/CharacterAI/Binaries/Win64/UE4Editor-CharacterAI.dll (API version 3709383).
LogModuleManager: Display: Found up-to-date module file ../../../Engine/Plugins/Experimental/HTML5Networking/Binaries/Win64/UE4Editor-HTML5Networking.dll (API version 3709383).
LogModuleManager: Display: Found up-to-date module file ../../../Engine/Plugins/Media/AndroidMedia/Binaries/Win64/UE4Editor-AndroidMediaEditor.dll (API version 3709383).
LogModuleManager: Display: Found up-to-date module file ../../../Engine/Plugins/Media/AndroidMedia/Binaries/Win64/UE4Editor-AndroidMediaFactory.dll (API version 3709383).
LogModuleManager: Display: Found up-to-date module file ../../../Engine/Plugins/Media/AvfMedia/Binaries/Win64/UE4Editor-AvfMediaEditor.dll (API version 3709383).
LogModuleManager: Display: Found up-to-date module file ../../../Engine/Plugins/Media/AvfMedia/Binaries/Win64/UE4Editor-AvfMediaFactory.dll (API version 3709383).
LogModuleManager: Display: Found up-to-date module file ../../../Engine/Plugins/Media/AvfMedia/Binaries/Win64/UE4Editor-AvfMediaFactory.dll (API version 3709383).
LogModuleManager: Display: Found up-to-date module file ../../../Engine/Plugins/Media/ImgMedia/Binaries/Win64/UE4Editor-ImgMedia.dll (API version 3709383).
LogModuleManager: Display: Found up-to-date module file ../../../Engine/Plugins/Media/ImgMedia/Binaries/Win64/UE4Editor-ImgMediaEditor.dll (API version 3709383).
LogModuleManager: Display: Found up-to-date module file ../../../Engine/Plugins/Media/ImgMedia/Binaries/Win64/UE4Editor-ImgMediaFactory.dll (API version 3709383).
LogModuleManager: Display: Found up-to-date module file ../../../Engine/Plugins/Media/ImgMedia/Binaries/Win64/UE4Editor-ImgMediaFactory.dll (API version 3709383).
LogModuleManager: Display: Found up-to-date module file ../../../Engine/Plugins/Media/ImgMedia/Binaries/Win64/UE4Editor-OpenExrWrapper.dll (API version 3709383).
LogModuleManager: Display: Found up-to-date module file ../../../Engine/Plugins/Media/MediaCompositing/Binaries/Win64/UE4Editor-MediaCompositing.dll (API version 3709383).
LogModuleManager: Display: Found up-to-date module file ../../../Engine/Plugins/Media/MediaCompositing/Binaries/Win64/UE4Editor-MediaCompositingEditor.dll (API version 3709383).
LogModuleManager: Display: Found up-to-date module file ../../../Engine/Plugins/Media/MediaPlayerEditor/Binaries/Win64/UE4Editor-MediaPlayerEditor.dll (API version 3709383).
LogModuleManager: Display: Found up-to-date module file ../../../Engine/Plugins/Media/WmfMedia/Binaries/Win64/UE4Editor-WmfMedia.dll (API version 3709383).
LogModuleManager: Display: Found up-to-date module file ../../../Engine/Plugins/Media/WmfMedia/Binaries/Win64/UE4Editor-WmfMediaEditor.dll (API version 3709383).
LogModuleManager: Display: Found up-to-date module file ../../../Engine/Plugins/Media/WmfMedia/Binaries/Win64/UE4Editor-WmfMediaFactory.dll (API version 3709383).
LogModuleManager: Display: Found up-to-date module file ../../../Engine/Plugins/Media/WmfMedia/Binaries/Win64/UE4Editor-WmfMediaFactory.dll (API version 3709383).
LogModuleManager: Display: Found up-to-date module file ../../../Engine/Plugins/Messaging/TcpMessaging/Binaries/Win64/UE4Editor-TcpMessaging.dll (API version 3709383).
LogModuleManager: Display: Found up-to-date module file ../../../Engine/Plugins/Messaging/UdpMessaging/Binaries/Win64/UE4Editor-UdpMessaging.dll (API version 3709383).
LogModuleManager: Display: Found up-to-date module file ../../../Engine/Plugins/MovieScene/ActorSequence/Binaries/Win64/UE4Editor-ActorSequence.dll (API version 3709383).
LogModuleManager: Display: Found up-to-date module file ../../../Engine/Plugins/MovieScene/LevelSequenceEditor/Binaries/Win64/UE4Editor-LevelSequenceEditor.dll (API version 3709383).
LogModuleManager: Display: Found up-to-date module file ../../../Engine/Plugins/MovieScene/MatineeToLevelSequence/Binaries/Win64/UE4Editor-MatineeToLevelSequence.dll (API version 3709383).
LogModuleManager: Display: Found up-to-date module file ../../../Engine/Plugins/Online/OnlineSubsystem/Binaries/Win64/UE4Editor-OnlineSubsystem.dll (API version 3709383).
LogModuleManager: Display: Found up-to-date module file ../../../Engine/Plugins/Runtime/AndroidPermission/Binaries/Win64/UE4Editor-AndroidPermission.dll (API version 3709383).
LogModuleManager: Display: Found up-to-date module file ../../../Engine/Plugins/Online/OnlineSubsystemNull/Binaries/Win64/UE4Editor-OnlineSubsystemNull.dll (API version 3709383).
LogModuleManager: Display: Found up-to-date module file ../../../Engine/Plugins/Online/OnlineSubsystemUtils/Binaries/Win64/UE4Editor-OnlineSubsystemUtils.dll (API version 3709383).
LogModuleManager: Display: Found up-to-date module file ../../../Engine/Plugins/Online/OnlineSubsystemUtils/Binaries/Win64/UE4Editor-OnlineBlueprintSupport.dll (API version 3709383).
LogModuleManager: Display: Found up-to-date module file ../../../Engine/Plugins/Runtime/AndroidDeviceProfileSelector/Binaries/Win64/UE4Editor-AndroidDeviceProfileSelector.dll (API version 3709383).
LogModuleManager: Display: Found up-to-date module file ../../../Engine/Plugins/Runtime/AppleARKit/Binaries/Win64/UE4Editor-AppleARKit.dll (API version 3709383).
LogModuleManager: Display: Found up-to-date module file ../../../Engine/Plugins/Runtime/ArchVisCharacter/Binaries/Win64/UE4Editor-ArchVisCharacter.dll (API version 3709383).
LogModuleManager: Display: Found up-to-date module file ../../../Engine/Plugins/Runtime/CableComponent/Binaries/Win64/UE4Editor-CableComponent.dll (API version 3709383).
LogModuleManager: Display: Found up-to-date module file ../../../Engine/Plugins/Runtime/CustomMeshComponent/Binaries/Win64/UE4Editor-CustomMeshComponent.dll (API version 3709383).
LogModuleManager: Display: Found up-to-date module file ../../../Engine/Plugins/Runtime/ExampleDeviceProfileSelector/Binaries/Win64/UE4Editor-ExampleDeviceProfileSelector.dll (API version 3709383).
LogModuleManager: Display: Found up-to-date module file ../../../Engine/Plugins/Runtime/ImmediatePhysics/Binaries/Win64/UE4Editor-ImmediatePhysics.dll (API version 3709383).
LogModuleManager: Display: Found up-to-date module file ../../../Engine/Plugins/Runtime/ImmediatePhysics/Binaries/Win64/UE4Editor-ImmediatePhysicsEditor.dll (API version 3709383).
LogModuleManager: Display: Found up-to-date module file ../../../Engine/Plugins/Runtime/LocationServicesBPLibrary/Binaries/Win64/UE4Editor-LocationServicesBPLibrary.dll (API version 3709383).
LogModuleManager: Display: Found up-to-date module file ../../../Engine/Plugins/Runtime/MobilePatchingUtils/Binaries/Win64/UE4Editor-MobilePatchingUtils.dll (API version 3709383).
LogModuleManager: Display: Found up-to-date module file ../../../Engine/Plugins/Runtime/Oculus/OculusVR/Binaries/Win64/UE4Editor-OculusHMD.dll (API version 3709383).
LogModuleManager: Display: Found up-to-date module file ../../../Engine/Plugins/Runtime/Oculus/OculusVR/Binaries/Win64/UE4Editor-OculusInput.dll (API version 3709383).
LogModuleManager: Display: Found up-to-date module file ../../../Engine/Plugins/Runtime/Oculus/OculusVR/Binaries/Win64/UE4Editor-OculusEditor.dll (API version 3709383).
LogModuleManager: Display: Found up-to-date module file ../../../Engine/Plugins/Runtime/PhysXVehicles/Binaries/Win64/UE4Editor-PhysXVehicles.dll (API version 3709383).
LogModuleManager: Display: Found up-to-date module file ../../../Engine/Plugins/Runtime/PhysXVehicles/Binaries/Win64/UE4Editor-PhysXVehiclesEditor.dll (API version 3709383).
LogModuleManager: Display: Found up-to-date module file ../../../Engine/Plugins/Runtime/ProceduralMeshComponent/Binaries/Win64/UE4Editor-ProceduralMeshComponent.dll (API version 3709383).
LogModuleManager: Display: Found up-to-date module file ../../../Engine/Plugins/Runtime/ProceduralMeshComponent/Binaries/Win64/UE4Editor-ProceduralMeshComponentEditor.dll (API version 3709383).
LogModuleManager: Display: Found up-to-date module file ../../../Engine/Plugins/Runtime/RuntimePhysXCooking/Binaries/Win64/UE4Editor-RuntimePhysXCooking.dll (API version 3709383).
LogModuleManager: Display: Found up-to-date module file ../../../Engine/Plugins/Runtime/Steam/SteamVR/Binaries/Win64/UE4Editor-SteamVR.dll (API version 3709383).
LogModuleManager: Display: Found up-to-date module file ../../../Engine/Plugins/Runtime/Steam/SteamVR/Binaries/Win64/UE4Editor-SteamVRController.dll (API version 3709383).
LogModuleManager: Display: Found up-to-date module file ../../../Engine/Plugins/Runtime/WindowsMoviePlayer/Binaries/Win64/UE4Editor-WindowsMoviePlayer.dll (API version 3709383).
LogPluginManager: Mounting plugin Paper2D
LogPluginManager: Mounting plugin LightPropagationVolume
LogPluginManager: Mounting plugin CodeLiteSourceCodeAccess
LogPluginManager: Mounting plugin GitSourceControl
LogPluginManager: Mounting plugin KDevelopSourceCodeAccess
LogPluginManager: Mounting plugin NullSourceCodeAccess
LogPluginManager: Mounting plugin PerforceSourceControl
LogPluginManager: Mounting plugin SubversionSourceControl
LogPluginManager: Mounting plugin UObjectPlugin
LogPluginManager: Mounting plugin VisualStudioCodeSourceCodeAccess
LogPluginManager: Mounting plugin VisualStudioSourceCodeAccess
LogPluginManager: Mounting plugin XCodeSourceCodeAccess
LogPluginManager: Mounting plugin AssetManagerEditor
LogPluginManager: Mounting plugin AudioCapture
LogPluginManager: Mounting plugin FacialAnimation
LogPluginManager: Mounting plugin GameplayTagsEditor
LogPluginManager: Mounting plugin MobileLauncherProfileWizard
LogPluginManager: Mounting plugin PluginBrowser
LogPluginManager: Mounting plugin SpeedTreeImporter
LogPluginManager: Mounting plugin AlembicImporter
LogPluginManager: Mounting plugin CharacterAI
LogPluginManager: Mounting plugin HTML5Networking
LogPluginManager: Mounting plugin AndroidMedia
LogPluginManager: Mounting plugin AvfMedia
LogPluginManager: Mounting plugin ImgMedia
LogPluginManager: Mounting plugin MediaCompositing
LogPluginManager: Mounting plugin MediaPlayerEditor
LogPluginManager: Mounting plugin WmfMedia
LogPluginManager: Mounting plugin TcpMessaging
LogPluginManager: Mounting plugin UdpMessaging
LogPluginManager: Mounting plugin ActorSequence
LogPluginManager: Mounting plugin LevelSequenceEditor
LogPluginManager: Mounting plugin MatineeToLevelSequence
LogPluginManager: Mounting plugin OnlineSubsystemGooglePlay
LogPluginManager: Mounting plugin OnlineSubsystemIOS
LogPluginManager: Mounting plugin OnlineSubsystem
LogPluginManager: Mounting plugin OnlineSubsystemNull
LogPluginManager: Mounting plugin OnlineSubsystemUtils
LogPluginManager: Mounting plugin AndroidDeviceProfileSelector
LogPluginManager: Mounting plugin AndroidMoviePlayer
LogPluginManager: Mounting plugin AndroidPermission
LogPluginManager: Mounting plugin AppleARKit
LogPluginManager: Mounting plugin AppleMoviePlayer
LogPluginManager: Mounting plugin ArchVisCharacter
LogPluginManager: Mounting plugin CableComponent
LogPluginManager: Mounting plugin CustomMeshComponent
LogPluginManager: Mounting plugin ExampleDeviceProfileSelector
LogPluginManager: Mounting plugin GoogleCloudMessaging
LogPluginManager: Mounting plugin ImmediatePhysics
LogPluginManager: Mounting plugin IOSDeviceProfileSelector
LogPluginManager: Mounting plugin LinuxDeviceProfileSelector
LogPluginManager: Mounting plugin LocationServicesBPLibrary
LogPluginManager: Mounting plugin MobilePatchingUtils
LogPluginManager: Mounting plugin OculusVR
LogPluginManager: Plugin shader directory ../../../Engine/Plugins/Runtime/Oculus/OculusVR/Shaders found
LogPluginManager: Mapping shader source directory ../../../Engine/Plugins/Runtime/Oculus/OculusVR/Shaders to virtual directory /Plugin/OculusVR
LogPluginManager: Mounting plugin PhysXVehicles
LogPluginManager: Mounting plugin ProceduralMeshComponent
LogPluginManager: Mounting plugin RuntimePhysXCooking
LogPluginManager: Mounting plugin SteamVR
LogPluginManager: Mounting plugin WindowsMoviePlayer
LogInit: Using libcurl 7.47.1
LogInit:  - built for x86_64-pc-win32
LogInit:  - supports SSL with OpenSSL/1.0.2g
LogInit:  - supports HTTP deflate (compression) using libz 1.2.8
LogInit:  - other features:
LogInit:      CURL_VERSION_SSL
LogInit:      CURL_VERSION_LIBZ
LogInit:      CURL_VERSION_IPV6
LogInit:      CURL_VERSION_ASYNCHDNS
LogInit:      CURL_VERSION_LARGEFILE
LogInit:      CURL_VERSION_IDN
LogInit:  CurlRequestOptions (configurable via config and command line):
LogInit:  - bVerifyPeer = false  - Libcurl will NOT verify peer certificate
LogInit:  - bUseHttpProxy = false  - Libcurl will NOT use HTTP proxy
LogInit:  - bDontReuseConnections = false  - Libcurl will reuse connections
LogInit:  - CertBundlePath = nullptr  - Libcurl will use whatever was configured at build time.
LogInit: Build: ++UE4+Release-4.18-CL-3832480
LogInit: Engine Version: 4.18.3-3832480+++UE4+Release-4.18
LogInit: Compatible Engine Version: 4.18.0-3709383+++UE4+Release-4.18
LogInit: Net CL: 3709383
LogDevObjectVersion: Number of dev versions registered: 16
LogDevObjectVersion:   Dev-Blueprints (B0D832E4-1F89-4F0D-ACCF-7EB736FD4AA2): 10
LogDevObjectVersion:   Dev-Build (E1C64328-A22C-4D53-A36C-8E866417BD8C): 0
LogDevObjectVersion:   Dev-Core (375EC13C-06E4-48FB-B500-84F0262A717E): 2
LogDevObjectVersion:   Dev-Editor (E4B068ED-F494-42E9-A231-DA0B2E46BB41): 20
LogDevObjectVersion:   Dev-Framework (CFFC743F-43B0-4480-9391-14DF171D2073): 30
LogDevObjectVersion:   Dev-Mobile (B02B49B5-BB20-44E9-A304-32B752E40360): 0
LogDevObjectVersion:   Dev-Networking (A4E4105C-59A1-49B5-A7C5-40C4547EDFEE): 0
LogDevObjectVersion:   Dev-Online (39C831C9-5AE6-47DC-9A44-9C173E1C8E7C): 0
LogDevObjectVersion:   Dev-Physics (78F01B33-EBEA-4F98-B9B4-84EACCB95AA2): 0
LogDevObjectVersion:   Dev-Platform (6631380F-2D4D-43E0-8009-CF276956A95A): 0
LogDevObjectVersion:   Dev-Rendering (12F88B9F-8875-4AFC-A67C-D90C383ABD29): 20
LogDevObjectVersion:   Dev-Sequencer (7B5AE74C-D270-4C10-A958-57980B212A5A): 4
LogDevObjectVersion:   Dev-VR (D7296918-1DD6-4BDD-9DE2-64A83CC13884): 0
LogDevObjectVersion:   Dev-LoadTimes (C2A15278-BFE7-4AFE-6C17-90FF531DF755): 1
LogDevObjectVersion:   Private-Geometry (6EACA3D4-40EC-4CC1-B786-8BED09428FC5): 1
LogDevObjectVersion:   Dev-AnimPhys (29E575DD-E0A3-4627-9D10-D276232CDCEA): 12
LogInit: Compiled (64-bit): Jan 12 2018 02:04:55
LogInit: Compiled with Visual C++: 19.00.24215.01
LogInit: Build Configuration: Development
LogInit: Branch Name: ++UE4+Release-4.18
LogInit: Command line: -EpicPortal 
LogInit: Base directory: E:/Program Files/UE_4.18/Engine/Binaries/Win64/
LogInit: Installed Engine Build: 1
LogInit: Presizing for max 8388607 objects, including 0 objects not considered by GC, pre-allocating 0 bytes for permanent pool.
LogInit: Object subsystem initialized
[2018.04.06-02.01.54:394][  0]LogInit: Selected Device Profile: [Windows]
[2018.04.06-02.01.54:394][  0]LogInit: Applying CVar settings loaded from the selected device profile: [Windows]
[2018.04.06-02.01.54:405][  0]LogInit: Computer: LAPTOP-39U3Q6A8
[2018.04.06-02.01.54:405][  0]LogInit: User: Marc
[2018.04.06-02.01.54:405][  0]LogInit: CPU Page size=4096, Cores=4
[2018.04.06-02.01.54:405][  0]LogInit: High frequency timer resolution =2.742193 MHz
[2018.04.06-02.01.54:405][  0]LogMemory: Memory total: Physical=15.9GB (16GB approx)
[2018.04.06-02.01.54:405][  0]LogMemory: Platform Memory Stats for Windows
[2018.04.06-02.01.54:405][  0]LogMemory: Process Physical Memory: 273.78 MB used, 273.78 MB peak
[2018.04.06-02.01.54:405][  0]LogMemory: Process Virtual Memory: 263.90 MB used, 263.90 MB peak
[2018.04.06-02.01.54:405][  0]LogMemory: Physical Memory: 5051.93 MB used,  11207.23 MB free, 16259.16 MB total
[2018.04.06-02.01.54:405][  0]LogMemory: Virtual Memory: 676.79 MB used,  11207.23 MB free, 134217728.00 MB total
[2018.04.06-02.01.54:502][  0]LogInit: Using OS detected language (en-US).
[2018.04.06-02.01.54:502][  0]LogInit: Using OS detected locale (en-US).
[2018.04.06-02.01.54:504][  0]LogTextLocalizationManager: No specific localization for 'en-US' exists, so the 'en' localization will be used.
[2018.04.06-02.01.54:897][  0]LogInit: Setting process to per monitor DPI aware
[2018.04.06-02.01.55:138][  0]LogD3D11RHI: D3D11 adapters:
[2018.04.06-02.01.55:186][  0]LogD3D11RHI:    0. 'NVIDIA GeForce GTX 1050 Ti' (Feature Level 11_0)
[2018.04.06-02.01.55:186][  0]LogD3D11RHI:       4031/0/8129 MB DedicatedVideo/DedicatedSystem/SharedSystem, Outputs:1, VendorId:0x10de
[2018.04.06-02.01.55:194][  0]LogD3D11RHI:    1. 'Intel(R) HD Graphics 630' (Feature Level 11_0)
[2018.04.06-02.01.55:194][  0]LogD3D11RHI:       128/0/8129 MB DedicatedVideo/DedicatedSystem/SharedSystem, Outputs:0, VendorId:0x8086
[2018.04.06-02.01.55:196][  0]LogD3D11RHI:    2. 'Microsoft Basic Render Driver' (Feature Level 11_0)
[2018.04.06-02.01.55:196][  0]LogD3D11RHI:       0/0/8129 MB DedicatedVideo/DedicatedSystem/SharedSystem, Outputs:0, VendorId:0x1414
[2018.04.06-02.01.55:196][  0]LogD3D11RHI: Chosen D3D11 Adapter: 0
[2018.04.06-02.01.55:201][  0]LogD3D11RHI: Creating new Direct3DDevice
[2018.04.06-02.01.55:201][  0]LogD3D11RHI:     GPU DeviceId: 0x1c8c (for the marketing name, search the web for "GPU Device Id")
[2018.04.06-02.01.55:201][  0]LogWindows: EnumDisplayDevices:
[2018.04.06-02.01.55:202][  0]LogWindows:    0. 'Intel(R) HD Graphics 630' (P:1 D:1)
[2018.04.06-02.01.55:202][  0]LogWindows:    1. 'Intel(R) HD Graphics 630' (P:0 D:0)
[2018.04.06-02.01.55:202][  0]LogWindows:    2. 'Intel(R) HD Graphics 630' (P:0 D:0)
[2018.04.06-02.01.55:202][  0]LogWindows: DebugString: GetVideoDriverDetailsInvalid PrimaryIsNotTheChoosenAdapter GetVideoDriverDetailsInvalid PrimaryIsNotTheChoosenAdapter GetVideoDriverDetailsInvalid PrimaryIsNotTheChoosenAdapter FoundDriverCount:0 
[2018.04.06-02.01.55:202][  0]LogD3D11RHI:     Adapter Name: NVIDIA GeForce GTX 1050 Ti
[2018.04.06-02.01.55:202][  0]LogD3D11RHI:   Driver Version: Unknown (internal:Unknown, unified:Unknown)
[2018.04.06-02.01.55:202][  0]LogD3D11RHI:      Driver Date: Unknown
[2018.04.06-02.01.55:202][  0]LogRHI: Texture pool is 2821 MB (70% of 4031 MB)
[2018.04.06-02.01.55:221][  0]LogD3D11RHI: Async texture creation enabled
[2018.04.06-02.01.55:233][  0]LogD3D11RHI: GPU Timing Frequency: 1000.000000 (Debug: 2 1)
[2018.04.06-02.01.55:233][  0]LogShaderCompilers: Guid format shader working directory is -7 characters bigger than the processId version (../../../../../Unreal Projects/MediocreBrawlSisters/Intermediate/Shaders/WorkingDirectory/11936/).
[2018.04.06-02.01.55:234][  0]LogShaderCompilers: Cleaned the shader compiler working directory 'C:/Users/Marc/AppData/Local/Temp/UnrealShaderWorkingDir/454B1B9D47E4BCC9ED29FDAB83B8082B/'.
[2018.04.06-02.01.55:234][  0]LogShaderCompilers: Display: Using Local Shader Compiler.
[2018.04.06-02.01.56:165][  0]LogTemp: Display: Loaded TP AllDesktopTargetPlatform
[2018.04.06-02.01.56:200][  0]LogTemp: Display: Loaded TP MacClientTargetPlatform
[2018.04.06-02.01.56:236][  0]LogTemp: Display: Loaded TP MacNoEditorTargetPlatform
[2018.04.06-02.01.56:275][  0]LogTemp: Display: Loaded TP MacServerTargetPlatform
[2018.04.06-02.01.56:309][  0]LogTemp: Display: Loaded TP MacTargetPlatform
[2018.04.06-02.01.56:350][  0]LogTemp: Display: Loaded TP WindowsClientTargetPlatform
[2018.04.06-02.01.56:387][  0]LogTemp: Display: Loaded TP WindowsNoEditorTargetPlatform
[2018.04.06-02.01.56:422][  0]LogTemp: Display: Loaded TP WindowsServerTargetPlatform
[2018.04.06-02.01.56:453][  0]LogTemp: Display: Loaded TP WindowsTargetPlatform
[2018.04.06-02.01.56:491][  0]LogTemp: Display: Loaded TP Android_ASTCTargetPlatform
[2018.04.06-02.01.56:525][  0]LogTemp: Display: Loaded TP Android_ATCTargetPlatform
[2018.04.06-02.01.56:566][  0]LogTemp: Display: Loaded TP Android_DXTTargetPlatform
[2018.04.06-02.01.56:606][  0]LogTemp: Display: Loaded TP Android_ETC1TargetPlatform
[2018.04.06-02.01.56:645][  0]LogTemp: Display: Loaded TP Android_ETC2TargetPlatform
[2018.04.06-02.01.56:718][  0]LogTemp: Display: Loaded TP Android_MultiTargetPlatform
[2018.04.06-02.01.56:718][  0]LogTemp: Display: Loaded TP Android_PVRTCTargetPlatform
[2018.04.06-02.01.56:755][  0]LogTemp: Display: Loaded TP AndroidTargetPlatform
[2018.04.06-02.01.56:779][  0]LogTemp: Display: Loaded TP HTML5TargetPlatform
[2018.04.06-02.01.56:855][  0]LogTemp: Display: Loaded TP IOSTargetPlatform
[2018.04.06-02.01.56:879][  0]LogTemp: Display: Loaded TP TVOSTargetPlatform
[2018.04.06-02.01.56:913][  0]LogTemp: Display: Loaded TP LinuxClientTargetPlatform
[2018.04.06-02.01.56:951][  0]LogTemp: Display: Loaded TP LinuxNoEditorTargetPlatform
[2018.04.06-02.01.56:985][  0]LogTemp: Display: Loaded TP LinuxServerTargetPlatform
[2018.04.06-02.01.57:019][  0]LogTemp: Display: Loaded TP LinuxTargetPlatform
[2018.04.06-02.01.57:019][  0]LogTargetPlatformManager: Display: Building Assets For Windows
[2018.04.06-02.01.57:330][  0]LogDerivedDataCache: Display: Max Cache Size: 512 MB
[2018.04.06-02.01.57:388][  0]LogDerivedDataCache: Loaded boot cache 0.06s 78MB C:/Users/Marc/AppData/Local/UnrealEngine/4.18/DerivedDataCache/Boot.ddc.
[2018.04.06-02.01.57:388][  0]LogDerivedDataCache: Display: Loaded Boot cache: C:/Users/Marc/AppData/Local/UnrealEngine/4.18/DerivedDataCache/Boot.ddc
[2018.04.06-02.01.57:388][  0]LogDerivedDataCache: FDerivedDataBackendGraph:  Pak pak cache file ../../../../../Unreal Projects/MediocreBrawlSisters/DerivedDataCache/DDC.ddp not found, will not use a pak cache.
[2018.04.06-02.01.57:389][  0]LogDerivedDataCache: Unable to find inner node Pak for hierarchical cache Hierarchy.
[2018.04.06-02.01.57:389][  0]LogDerivedDataCache: FDerivedDataBackendGraph:  CompressedPak pak cache file ../../../../../Unreal Projects/MediocreBrawlSisters/DerivedDataCache/Compressed.ddp not found, will not use a pak cache.
[2018.04.06-02.01.57:389][  0]LogDerivedDataCache: Unable to find inner node CompressedPak for hierarchical cache Hierarchy.
[2018.04.06-02.01.57:403][  0]LogDerivedDataCache: Display: Pak cache opened for reading ../../../Engine/DerivedDataCache/Compressed.ddp.
[2018.04.06-02.01.57:415][  0]LogDerivedDataCache: Using Local data cache path C:/Users/Marc/AppData/Local/UnrealEngine/Common/DerivedDataCache: Writable
[2018.04.06-02.01.57:424][  0]LogMaterial: Verifying Global Shaders for PCD3D_SM5
[2018.04.06-02.01.57:424][  0]LogSlate: Using Freetype 2.6.0
[2018.04.06-02.01.57:425][  0]LogSlate: SlateFontCache - WITH_FREETYPE: 1, WITH_HARFBUZZ: 1
[2018.04.06-02.01.57:425][  0]LogSlate: SlateFontCache - WITH_FREETYPE: 1, WITH_HARFBUZZ: 1
[2018.04.06-02.01.57:772][  0]LogInit: Selected Device Profile: [Windows]
[2018.04.06-02.01.58:030][  0]LogSimplygon: Simplygon DLL not present - disabling.
[2018.04.06-02.01.58:055][  0]LogMeshReduction: Using SimplygonSwarm for distributed automatic mesh merging
[2018.04.06-02.01.58:055][  0]LogMeshReduction: Using QuadricMeshReduction for automatic static mesh reduction
[2018.04.06-02.01.58:055][  0]LogMeshReduction: No automatic skeletal mesh reduction module available
[2018.04.06-02.01.58:055][  0]LogMeshReduction: No automatic mesh merging module available
[2018.04.06-02.01.58:055][  0]LogMeshMerging: No automatic mesh merging module available
[2018.04.06-02.01.58:079][  0]LogNetVersion: MediocreBrawlSisters , NetCL: 3709383, EngineNetVer: 2, GameNetVer: 0 (Checksum: 3969592616)
[2018.04.06-02.01.58:214][  0]LogAssetRegistry: FAssetRegistry took 0.0259 seconds to start up
[2018.04.06-02.01.58:615][  0]LogPackageLocalizationCache: Processed 7 localized package path(s) for 2 prioritized culture(s) in 0.052608 seconds
[2018.04.06-02.01.58:621][  0]LogUObjectArray: 35870 objects as part of root set at end of initial load.
[2018.04.06-02.01.58:621][  0]LogUObjectAllocator: 7363696 out of 0 bytes used by permanent object pool.
[2018.04.06-02.01.58:621][  0]LogUObjectArray: CloseDisregardForGC: 0/0 objects in disregard for GC pool
[2018.04.06-02.01.58:653][  0]LogInit: WinSock: version 1.1 (2.2), MaxSocks=32767, MaxUdp=65467
[2018.04.06-02.02.00:765][  0]LogTcpMessaging: Initializing TcpMessaging bridge
[2018.04.06-02.02.00:795][  0]LogUdpMessaging: Initializing bridge on interface 0.0.0.0:0 to multicast group 230.0.0.1:6666.
[2018.04.06-02.02.01:285][  0]LogMaterial: Uniform references updated for custom material expression Custom.
[2018.04.06-02.02.01:586][  0]SourceControl: Source control is disabled
[2018.04.06-02.02.01:586][  0]SourceControl: Source control is disabled
[2018.04.06-02.02.01:623][  0]SourceControl: Source control is disabled
[2018.04.06-02.02.01:657][  0]SourceControl: Source control is disabled
[2018.04.06-02.02.02:225][  0]LogAndroidPermission: UAndroidPermissionCallbackProxy::GetInstance
[2018.04.06-02.02.02:406][  0]LogOcInput: OculusInput pre-init called
[2018.04.06-02.02.02:605][  0]LogEngine: Initializing Engine...
[2018.04.06-02.02.02:608][  0]LogHMD: Failed to initialize OpenVR with code 102
[2018.04.06-02.02.02:820][  0]LogStats: UGameplayTagsManager::ConstructGameplayTagTree: Construct from data asset -  0.000 s
[2018.04.06-02.02.02:820][  0]LogStats: UGameplayTagsManager::ConstructGameplayTagTree: GameplayTagTreeChangedEvent.Broadcast -  0.000 s
[2018.04.06-02.02.02:899][  0]LogAIModule: Creating AISystem for world Untitled
[2018.04.06-02.02.02:906][  0]LogInit: XAudio2 using 'Speakers (Realtek High Definition Audio)' : 2 channels at 48 kHz using 32 bits per sample (channel mask 0x3)
[2018.04.06-02.02.02:938][  0]LogInit: FAudioDevice initialized.
[2018.04.06-02.02.02:986][  0]LogDerivedDataCache: Saved boot cache 0.05s 78MB C:/Users/Marc/AppData/Local/UnrealEngine/4.18/DerivedDataCache/Boot.ddc.
[2018.04.06-02.02.02:997][  0]LogInit: Texture streaming: Enabled
[2018.04.06-02.02.03:063][  0]LogEngineSessionManager: EngineSessionManager initialized
[2018.04.06-02.02.03:148][  0]LogInit: Transaction tracking system initialized
[2018.04.06-02.02.03:352][  0]BlueprintLog: New page: Editor Load
[2018.04.06-02.02.03:937][  0]LocalizationService: Localization service is disabled
[2018.04.06-02.02.04:288][  0]LogLinker: Warning: Can't find file '/Game/ThirdPersonBP/ThirdPersonOverview'
[2018.04.06-02.02.04:288][  0]LogLinker: Warning: Can't find file '/Game/ThirdPersonBP/ThirdPersonOverview'
[2018.04.06-02.02.04:289][  0]LogUObjectGlobals: Warning: Failed to find object 'Class /Game/ThirdPersonBP/ThirdPersonOverview.ThirdPersonOverview_C'
[2018.04.06-02.02.04:454][  0]LogConsoleResponse: Display: 
[2018.04.06-02.02.04:600][  0]LogCook: Display: Max memory allowance for cook 16384mb min free memory 0mb
[2018.04.06-02.02.04:600][  0]LogCook: Display: Mobile HDR setting 1
[2018.04.06-02.02.04:600][  0]LogGameplayTags: Display: UGameplayTagsManager::DoneAddingNativeTags. DelegateIsBound: 0
[2018.04.06-02.02.05:152][  0]LogFileCache: Scanning file cache for directory 'E:/Unreal Projects/MediocreBrawlSisters/Content/' took 0.01s
[2018.04.06-02.02.05:420][  0]SourceControl: Source control is disabled
[2018.04.06-02.02.05:420][  0]Cmd: MAP LOAD FILE="../../../../../Unreal Projects/MediocreBrawlSisters/Content/SideScrollerBP/Maps/SideScrollerExampleMap.umap" TEMPLATE=0 SHOWPROGRESS=1 FEATURELEVEL=3
[2018.04.06-02.02.05:420][  0]LightingResults: New page: Lighting Build
[2018.04.06-02.02.05:448][  0]MapCheck: New page: Map Check
[2018.04.06-02.02.05:448][  0]LightingResults: New page: Lighting Build
[2018.04.06-02.02.05:929][  0]LogAIModule: Creating AISystem for world SideScrollerExampleMap
[2018.04.06-02.02.05:934][  0]LogEditorServer: Finished looking for orphan Actors (0.000 secs)
[2018.04.06-02.02.05:946][  0]Cmd: MAP CHECKDEP NOCLEARLOG
[2018.04.06-02.02.05:995][  0]MapCheck: Map check complete: 0 Error(s), 0 Warning(s), took 48.575ms to complete.
[2018.04.06-02.02.05:995][  0]LogFileHelpers: Loading map 'SideScrollerExampleMap' took 0.575
[2018.04.06-02.02.06:125][  0]LogCollectionManager: Loaded 0 collections in 0.000792 seconds
[2018.04.06-02.02.06:189][  0]LogFileCache: Scanning file cache for directory 'E:/Unreal Projects/MediocreBrawlSisters/Saved/Collections/' took 0.01s
[2018.04.06-02.02.06:189][  0]LogFileCache: Scanning file cache for directory 'E:/Unreal Projects/MediocreBrawlSisters/Content/Developers/Marc/Collections/' took 0.01s
[2018.04.06-02.02.06:189][  0]LogFileCache: Scanning file cache for directory 'E:/Unreal Projects/MediocreBrawlSisters/Content/Collections/' took 0.01s
[2018.04.06-02.02.06:189][  0]LogCollectionManager: Rebuilt the GUID cache for 0 collections in 0.000000 seconds
[2018.04.06-02.02.06:196][  0]LogContentBrowser: Native class hierarchy populated in 0.0077 seconds. Added 2363 classes and 519 folders.
[2018.04.06-02.02.06:242][  0]LogContentBrowser: Native class hierarchy updated for 'WidgetCarousel' in 0.0002 seconds. Added 0 classes and 0 folders.
[2018.04.06-02.02.06:272][  0]LogContentBrowser: Native class hierarchy updated for 'AddContentDialog' in 0.0002 seconds. Added 0 classes and 0 folders.
[2018.04.06-02.02.06:301][  0]LogContentBrowser: Native class hierarchy updated for 'SceneOutliner' in 0.0002 seconds. Added 1 classes and 2 folders.
[2018.04.06-02.02.06:316][  0]LogSlate: Took 0.000217 seconds to synchronously load lazily loaded font '../../../Engine/Content/Slate/Fonts/Roboto-Regular.ttf' (155K)
[2018.04.06-02.02.06:321][  0]LogSlate: Took 0.000213 seconds to synchronously load lazily loaded font '../../../Engine/Content/Slate/Fonts/Roboto-Bold.ttf' (160K)
[2018.04.06-02.02.06:327][  0]LogSlate: Took 0.000175 seconds to synchronously load lazily loaded font '../../../Engine/Content/Editor/Slate/Fonts/FontAwesome.ttf' (139K)
[2018.04.06-02.02.06:417][  0]LogRenderer: Reallocating scene render targets to support 868x392 Format 10 NumSamples 1 (Frame:1).
[2018.04.06-02.02.06:553][  0]LogContentBrowser: Native class hierarchy updated for 'HierarchicalLODOutliner' in 0.0003 seconds. Added 1 classes and 2 folders.
[2018.04.06-02.02.06:553][  0]LogLoad: (Engine Initialization) Total time: 13.91 seconds
[2018.04.06-02.02.06:553][  0]LogLoad: (Engine Initialization) Total Blueprint compile time: 0.00 seconds
[2018.04.06-02.02.06:553][  0]LogExternalProfiler: No external profilers were discovered.  External profiling features will not be available.
[2018.04.06-02.02.06:572][  0]LogWindowsTextInputMethodSystem: Display: IME system now deactivated.
[2018.04.06-02.02.06:592][  0]LogContentStreaming: Texture pool size now 1000 MB
[2018.04.06-02.02.06:643][  0]LogSlate: Took 0.000118 seconds to synchronously load lazily loaded font '../../../Engine/Content/Slate/Fonts/Roboto-Light.ttf' (159K)
[2018.04.06-02.02.06:806][  1]LogAssetRegistry: Asset discovery search completed in 8.6139 seconds
[2018.04.06-02.02.06:809][  1]LogCollectionManager: Rebuilt the object cache for 0 collections in 0.000000 seconds (found 0 objects)
[2018.04.06-02.02.06:809][  1]LogCollectionManager: Fixed up redirectors for 0 collections in 0.000054 seconds (updated 0 objects)
[2018.04.06-02.02.09:414][156]LogTemp: Repeating last play command: Selected Viewport
[2018.04.06-02.02.09:451][156]LogBlueprintUserMessages: Early PlayInEditor Detection: Level '/Game/SideScrollerBP/Maps/SideScrollerExampleMap.SideScrollerExampleMap:PersistentLevel' has LevelScriptBlueprint '/Game/SideScrollerBP/Maps/SideScrollerExampleMap.SideScrollerExampleMap:PersistentLevel.SideScrollerExampleMap' with GeneratedClass '/Game/SideScrollerBP/Maps/SideScrollerExampleMap.SideScrollerExampleMap_C' with ClassGeneratedBy '/Game/SideScrollerBP/Maps/SideScrollerExampleMap.SideScrollerExampleMap:PersistentLevel.SideScrollerExampleMap'
[2018.04.06-02.02.09:451][156]LogPlayLevel: PlayLevel: No blueprints needed recompiling
[2018.04.06-02.02.09:451][156]PIE: New page: PIE session: SideScrollerExampleMap (Apr 5, 2018, 12:02:09 PM)
[2018.04.06-02.02.09:451][156]LogPlayLevel: Creating play world package: /Game/SideScrollerBP/Maps/UEDPIE_0_SideScrollerExampleMap
[2018.04.06-02.02.09:474][156]LogPlayLevel: PIE: StaticDuplicateObject took: (0.022627s)
[2018.04.06-02.02.09:475][156]LogAIModule: Creating AISystem for world SideScrollerExampleMap
[2018.04.06-02.02.09:475][156]LogPlayLevel: PIE: World Init took: (0.001019s)
[2018.04.06-02.02.09:475][156]LogPlayLevel: PIE: Created PIE world by copying editor world from /Game/SideScrollerBP/Maps/SideScrollerExampleMap.SideScrollerExampleMap to /Game/SideScrollerBP/Maps/UEDPIE_0_SideScrollerExampleMap.SideScrollerExampleMap (0.024011s)
[2018.04.06-02.02.09:489][156]LogInit: XAudio2 using 'Speakers (Realtek High Definition Audio)' : 2 channels at 48 kHz using 32 bits per sample (channel mask 0x3)
[2018.04.06-02.02.09:500][156]LogInit: FAudioDevice initialized.
[2018.04.06-02.02.09:570][156]LogLoad: Game class is 'SideScrollerGameMode_C'
[2018.04.06-02.02.09:572][156]LogWorld: Bringing World /Game/SideScrollerBP/Maps/UEDPIE_0_SideScrollerExampleMap.SideScrollerExampleMap up for play (max tick rate 60) at 2018.04.05-19.02.09
[2018.04.06-02.02.09:572][156]LogWorld: Bringing up level for play took: 0.000853
[2018.04.06-02.02.09:600][156]LogContentBrowser: Native class hierarchy updated for 'MovieSceneCapture' in 0.0002 seconds. Added 11 classes and 0 folders.
[2018.04.06-02.02.09:603][156]PIE: Play in editor start time for /Game/SideScrollerBP/Maps/UEDPIE_0_SideScrollerExampleMap 1.002
[2018.04.06-02.02.09:603][156]LogBlueprintUserMessages: Late PlayInEditor Detection: Level '/Game/SideScrollerBP/Maps/SideScrollerExampleMap.SideScrollerExampleMap:PersistentLevel' has LevelScriptBlueprint '/Game/SideScrollerBP/Maps/SideScrollerExampleMap.SideScrollerExampleMap:PersistentLevel.SideScrollerExampleMap' with GeneratedClass '/Game/SideScrollerBP/Maps/SideScrollerExampleMap.SideScrollerExampleMap_C' with ClassGeneratedBy '/Game/SideScrollerBP/Maps/SideScrollerExampleMap.SideScrollerExampleMap:PersistentLevel.SideScrollerExampleMap'
[2018.04.06-02.02.12:900][352]LogStreaming: Warning: Failed to open ANSI TEXT file E:/Unreal Projects/MediocreBrawlSisters/Saved/HardwareSurvey/dxdiag.txt
[2018.04.06-02.02.12:932][353]LogSynthBenchmark: Display: FSynthBenchmark (V0.95):  requested WorkScale=5.00
[2018.04.06-02.02.12:932][353]LogSynthBenchmark: Display: ===============
[2018.04.06-02.02.12:932][353]LogSynthBenchmark: Display: Main Processor:
[2018.04.06-02.02.13:138][353]LogSynthBenchmark: Display:          ... 0.021235 s/Run 'RayIntersect'
[2018.04.06-02.02.13:138][353]LogSynthBenchmark: Display:          ... 0.019992 s/Run 'Fractal'
[2018.04.06-02.02.13:138][353]LogSynthBenchmark: Display: 
[2018.04.06-02.02.13:138][353]LogSynthBenchmark: Display:   CompiledTarget_x_Bits: 64
[2018.04.06-02.02.13:138][353]LogSynthBenchmark: Display:   UE_BUILD_SHIPPING: 0
[2018.04.06-02.02.13:138][353]LogSynthBenchmark: Display:   UE_BUILD_TEST: 0
[2018.04.06-02.02.13:138][353]LogSynthBenchmark: Display:   UE_BUILD_DEBUG: 0
[2018.04.06-02.02.13:138][353]LogSynthBenchmark: Display:   TotalPhysicalGBRam: 16
[2018.04.06-02.02.13:138][353]LogSynthBenchmark: Display:   NumberOfCores (physical): 4
[2018.04.06-02.02.13:138][353]LogSynthBenchmark: Display:   NumberOfCores (logical): 8
[2018.04.06-02.02.13:138][353]LogSynthBenchmark: Display:   CPU Perf Index 0: 120.6 (weight 1.00)
[2018.04.06-02.02.13:138][353]LogSynthBenchmark: Display:   CPU Perf Index 1: 143.1 (weight 1.50)
[2018.04.06-02.02.13:138][353]LogSynthBenchmark: Display:  
[2018.04.06-02.02.13:138][353]LogSynthBenchmark: Display: Graphics:
[2018.04.06-02.02.13:138][353]LogSynthBenchmark: Display:   Adapter Name: 'NVIDIA GeForce GTX 1050 Ti'
[2018.04.06-02.02.13:138][353]LogSynthBenchmark: Display:   (On Optimus the name might be wrong, memory should be ok)
[2018.04.06-02.02.13:138][353]LogSynthBenchmark: Display:   Vendor Id: 0x10DE
[2018.04.06-02.02.13:138][353]LogSynthBenchmark: Display:   Device Id: 0x1C8C
[2018.04.06-02.02.13:138][353]LogSynthBenchmark: Display:   Device Revision: 0xA1
[2018.04.06-02.02.13:138][353]LogSynthBenchmark: Display:   GPU Memory: 4031/0/8130 MB
[2018.04.06-02.02.13:250][353]LogSynthBenchmark: Display:   GPU first test: 0.07s
[2018.04.06-02.02.13:250][353]LogSynthBenchmark: Display:          ... 2.089 s/GigaPix, Confidence=89% 'ALUHeavyNoise' (likely to be very inaccurate)
[2018.04.06-02.02.13:250][353]LogSynthBenchmark: Display:          ... 0.918 s/GigaPix, Confidence=100% 'TexHeavy' (likely to be very inaccurate)
[2018.04.06-02.02.13:250][353]LogSynthBenchmark: Display:          ... 0.750 s/GigaPix, Confidence=89% 'DepTexHeavy' (likely to be very inaccurate)
[2018.04.06-02.02.13:250][353]LogSynthBenchmark: Display:          ... 4.286 s/GigaPix, Confidence=89% 'FillOnly' (likely to be very inaccurate)
[2018.04.06-02.02.13:250][353]LogSynthBenchmark: Display:          ... 0.194 s/GigaPix, Confidence=100% 'Bandwidth' (likely to be very inaccurate)
[2018.04.06-02.02.13:250][353]LogSynthBenchmark: Display:          ... 0.358 s/GigaVert, Confidence=89% 'VertThroughPut1' (likely to be very inaccurate)
[2018.04.06-02.02.13:250][353]LogSynthBenchmark: Display:          ... 1.901 s/GigaVert, Confidence=100% 'VertThroughPut2' (likely to be very inaccurate)
[2018.04.06-02.02.13:977][353]LogSynthBenchmark: Display:   GPU second test: 0.69s
[2018.04.06-02.02.13:977][353]LogSynthBenchmark: Display:          ... 2.422 s/GigaPix, Confidence=100% 'ALUHeavyNoise' (likely to be inaccurate)
[2018.04.06-02.02.13:977][353]LogSynthBenchmark: Display:          ... 0.883 s/GigaPix, Confidence=89% 'TexHeavy' (likely to be inaccurate)
[2018.04.06-02.02.13:977][353]LogSynthBenchmark: Display:          ... 1.198 s/GigaPix, Confidence=89% 'DepTexHeavy' (likely to be inaccurate)
[2018.04.06-02.02.13:977][353]LogSynthBenchmark: Display:          ... 3.723 s/GigaPix, Confidence=100% 'FillOnly' (likely to be inaccurate)
[2018.04.06-02.02.13:977][353]LogSynthBenchmark: Display:          ... 0.219 s/GigaPix, Confidence=100% 'Bandwidth' (likely to be inaccurate)
[2018.04.06-02.02.13:977][353]LogSynthBenchmark: Display:          ... 0.279 s/GigaVert, Confidence=100% 'VertThroughPut1' (likely to be inaccurate)
[2018.04.06-02.02.13:977][353]LogSynthBenchmark: Display:          ... 1.691 s/GigaVert, Confidence=89% 'VertThroughPut2' (likely to be inaccurate)
[2018.04.06-02.02.13:977][353]LogSynthBenchmark: Display:   GPU Final Results:
[2018.04.06-02.02.13:977][353]LogSynthBenchmark: Display:          ... 2.422 s/GigaPix, Confidence=100% 'ALUHeavyNoise'
[2018.04.06-02.02.13:977][353]LogSynthBenchmark: Display:          ... 0.883 s/GigaPix, Confidence=89% 'TexHeavy'
[2018.04.06-02.02.13:977][353]LogSynthBenchmark: Display:          ... 1.198 s/GigaPix, Confidence=89% 'DepTexHeavy'
[2018.04.06-02.02.13:977][353]LogSynthBenchmark: Display:          ... 3.723 s/GigaPix, Confidence=100% 'FillOnly'
[2018.04.06-02.02.13:977][353]LogSynthBenchmark: Display:          ... 0.219 s/GigaPix, Confidence=100% 'Bandwidth'
[2018.04.06-02.02.13:977][353]LogSynthBenchmark: Display:          ... 0.279 s/GigaVert, Confidence=100% 'VertThroughPut1'
[2018.04.06-02.02.13:977][353]LogSynthBenchmark: Display:          ... 1.691 s/GigaVert, Confidence=89% 'VertThroughPut2'
[2018.04.06-02.02.13:977][353]LogSynthBenchmark: Display: 
[2018.04.06-02.02.13:977][353]LogSynthBenchmark: Display:   GPU Perf Index 0: 52.6 (weight 1.00)
[2018.04.06-02.02.13:977][353]LogSynthBenchmark: Display:   GPU Perf Index 1: 11.9 (weight 0.10)
[2018.04.06-02.02.13:977][353]LogSynthBenchmark: Display:   GPU Perf Index 2: 31.1 (weight 0.10)
[2018.04.06-02.02.13:977][353]LogSynthBenchmark: Display:   GPU Perf Index 3: 14.6 (weight 3.00)
[2018.04.06-02.02.13:977][353]LogSynthBenchmark: Display:   GPU Perf Index 4: 20.4 (weight 1.00)
[2018.04.06-02.02.13:977][353]LogSynthBenchmark: Display:   GPU Perf Index 5: 18.2 (weight 0.00)
[2018.04.06-02.02.13:977][353]LogSynthBenchmark: Display:   GPU Perf Index 6: 95.7 (weight 0.00)
[2018.04.06-02.02.13:977][353]LogSynthBenchmark: Display:   CPUIndex: 134.1
[2018.04.06-02.02.13:977][353]LogSynthBenchmark: Display:   GPUIndex: 23.3
[2018.04.06-02.02.13:977][353]LogSynthBenchmark: Display: 
[2018.04.06-02.02.13:977][353]LogSynthBenchmark: Display:          ... Total Time: 1.045625 sec
[2018.04.06-02.02.13:985][353]LogWindows: FWindowsPlatformSurvey::TickSurveyHardware() WinSAT assessment unavailable. Unable to examine some hardware metrics. Run the Windows Experience Index Assessment.
[2018.04.06-02.03.30:979][972]LogBlueprintUserMessages: Early EndPlayMap Detection: Level '/Game/SideScrollerBP/Maps/SideScrollerExampleMap.SideScrollerExampleMap:PersistentLevel' has LevelScriptBlueprint '/Game/SideScrollerBP/Maps/SideScrollerExampleMap.SideScrollerExampleMap:PersistentLevel.SideScrollerExampleMap' with GeneratedClass '/Game/SideScrollerBP/Maps/SideScrollerExampleMap.SideScrollerExampleMap_C' with ClassGeneratedBy '/Game/SideScrollerBP/Maps/SideScrollerExampleMap.SideScrollerExampleMap:PersistentLevel.SideScrollerExampleMap'
[2018.04.06-02.03.31:012][972]LogBlueprintUserMessages: Late EndPlayMap Detection: Level '/Game/SideScrollerBP/Maps/SideScrollerExampleMap.SideScrollerExampleMap:PersistentLevel' has LevelScriptBlueprint '/Game/SideScrollerBP/Maps/SideScrollerExampleMap.SideScrollerExampleMap:PersistentLevel.SideScrollerExampleMap' with GeneratedClass '/Game/SideScrollerBP/Maps/SideScrollerExampleMap.SideScrollerExampleMap_C' with ClassGeneratedBy '/Game/SideScrollerBP/Maps/SideScrollerExampleMap.SideScrollerExampleMap:PersistentLevel.SideScrollerExampleMap'
[2018.04.06-02.03.57:438][555]LogSlate: Took 0.000220 seconds to synchronously load lazily loaded font '../../../Engine/Content/Slate/Fonts/Roboto-Light.ttf' (159K)
[2018.04.06-02.03.57:689][555]LogContentBrowser: Native class hierarchy updated for 'BlueprintGraph' in 0.0005 seconds. Added 116 classes and 0 folders.
[2018.04.06-02.03.58:235][555]LogSlate: Took 0.000113 seconds to synchronously load lazily loaded font '../../../Engine/Content/Slate/Fonts/Roboto-Regular.ttf' (155K)
[2018.04.06-02.04.00:931][698]LogSlate: Took 0.000167 seconds to synchronously load lazily loaded font '../../../Engine/Content/Editor/Slate/Fonts/Roboto-BoldCondensed.ttf' (158K)
[2018.04.06-02.04.00:980][699]LogSlate: Took 0.000222 seconds to synchronously load lazily loaded font '../../../Engine/Content/Editor/Slate/Fonts/Roboto-Italic.ttf' (157K)
[2018.04.06-02.04.04:874][928]LogSlate: Took 0.000146 seconds to synchronously load lazily loaded font '../../../Engine/Content/Slate/Fonts/Roboto-Light.ttf' (159K)
[2018.04.06-02.04.27:373][472]BlueprintLog: New page: Compile SideScrollerExampleMap
[2018.04.06-02.04.28:345][571]LogTemp: Repeating last play command: Selected Viewport
[2018.04.06-02.04.28:370][571]LogBlueprintUserMessages: Early PlayInEditor Detection: Level '/Game/SideScrollerBP/Maps/SideScrollerExampleMap.SideScrollerExampleMap:PersistentLevel' has LevelScriptBlueprint '/Game/SideScrollerBP/Maps/SideScrollerExampleMap.SideScrollerExampleMap:PersistentLevel.SideScrollerExampleMap' with GeneratedClass '/Game/SideScrollerBP/Maps/SideScrollerExampleMap.SideScrollerExampleMap_C' with ClassGeneratedBy '/Game/SideScrollerBP/Maps/SideScrollerExampleMap.SideScrollerExampleMap:PersistentLevel.SideScrollerExampleMap'
[2018.04.06-02.04.28:370][571]LogPlayLevel: PlayLevel: No blueprints needed recompiling
[2018.04.06-02.04.28:370][571]PIE: New page: PIE session: SideScrollerExampleMap (Apr 5, 2018, 12:04:28 PM)
[2018.04.06-02.04.28:370][571]LogPlayLevel: Creating play world package: /Game/SideScrollerBP/Maps/UEDPIE_0_SideScrollerExampleMap
[2018.04.06-02.04.28:385][571]LogPlayLevel: PIE: StaticDuplicateObject took: (0.015031s)
[2018.04.06-02.04.28:386][571]LogAIModule: Creating AISystem for world SideScrollerExampleMap
[2018.04.06-02.04.28:387][571]LogPlayLevel: PIE: World Init took: (0.000696s)
[2018.04.06-02.04.28:387][571]LogPlayLevel: PIE: Created PIE world by copying editor world from /Game/SideScrollerBP/Maps/SideScrollerExampleMap.SideScrollerExampleMap to /Game/SideScrollerBP/Maps/UEDPIE_0_SideScrollerExampleMap.SideScrollerExampleMap (0.016000s)
[2018.04.06-02.04.28:404][571]LogInit: XAudio2 using 'Speakers (Realtek High Definition Audio)' : 2 channels at 48 kHz using 32 bits per sample (channel mask 0x3)
[2018.04.06-02.04.28:412][571]LogInit: FAudioDevice initialized.
[2018.04.06-02.04.28:485][571]LogLoad: Game class is 'SideScrollerGameMode_C'
[2018.04.06-02.04.28:486][571]LogWorld: Bringing World /Game/SideScrollerBP/Maps/UEDPIE_0_SideScrollerExampleMap.SideScrollerExampleMap up for play (max tick rate 0) at 2018.04.05-19.04.28
[2018.04.06-02.04.28:486][571]LogWorld: Bringing up level for play took: 0.000694
[2018.04.06-02.04.28:493][571]PIE: Play in editor start time for /Game/SideScrollerBP/Maps/UEDPIE_0_SideScrollerExampleMap -0.109
[2018.04.06-02.04.28:494][571]LogBlueprintUserMessages: Late PlayInEditor Detection: Level '/Game/SideScrollerBP/Maps/SideScrollerExampleMap.SideScrollerExampleMap:PersistentLevel' has LevelScriptBlueprint '/Game/SideScrollerBP/Maps/SideScrollerExampleMap.SideScrollerExampleMap:PersistentLevel.SideScrollerExampleMap' with GeneratedClass '/Game/SideScrollerBP/Maps/SideScrollerExampleMap.SideScrollerExampleMap_C' with ClassGeneratedBy '/Game/SideScrollerBP/Maps/SideScrollerExampleMap.SideScrollerExampleMap:PersistentLevel.SideScrollerExampleMap'
[2018.04.06-02.04.28:519][571]LogRenderer: Reallocating scene render targets to support 1024x576 Format 10 NumSamples 1 (Frame:1).
[2018.04.06-02.04.39:475][879]LogBlueprintUserMessages: Early EndPlayMap Detection: Level '/Game/SideScrollerBP/Maps/SideScrollerExampleMap.SideScrollerExampleMap:PersistentLevel' has LevelScriptBlueprint '/Game/SideScrollerBP/Maps/SideScrollerExampleMap.SideScrollerExampleMap:PersistentLevel.SideScrollerExampleMap' with GeneratedClass '/Game/SideScrollerBP/Maps/SideScrollerExampleMap.SideScrollerExampleMap_C' with ClassGeneratedBy '/Game/SideScrollerBP/Maps/SideScrollerExampleMap.SideScrollerExampleMap:PersistentLevel.SideScrollerExampleMap'
[2018.04.06-02.04.39:526][879]LogBlueprintUserMessages: Late EndPlayMap Detection: Level '/Game/SideScrollerBP/Maps/SideScrollerExampleMap.SideScrollerExampleMap:PersistentLevel' has LevelScriptBlueprint '/Game/SideScrollerBP/Maps/SideScrollerExampleMap.SideScrollerExampleMap:PersistentLevel.SideScrollerExampleMap' with GeneratedClass '/Game/SideScrollerBP/Maps/SideScrollerExampleMap.SideScrollerExampleMap_C' with ClassGeneratedBy '/Game/SideScrollerBP/Maps/SideScrollerExampleMap.SideScrollerExampleMap:PersistentLevel.SideScrollerExampleMap'
[2018.04.06-02.04.47:532][822]Cmd: TRANSACTION UNDO
[2018.04.06-02.04.47:532][822]LogEditorTransaction: Undo Change Number Pin Value
[2018.04.06-02.04.47:825][842]Cmd: TRANSACTION UNDO
[2018.04.06-02.04.47:825][842]LogEditorTransaction: Undo Change Number Pin Value
[2018.04.06-02.04.48:192][873]Cmd: TRANSACTION UNDO
[2018.04.06-02.04.48:192][873]LogEditorTransaction: Undo Create Pin Link
[2018.04.06-02.04.53:134][466]BlueprintLog: New page: Compile SideScrollerExampleMap
