Log file open, 04/03/18 19:28:33
LogWindows: Failed to load 'aqProf.dll' (GetLastError=126)
LogWindows: File 'aqProf.dll' does not exist
LogWindows: Failed to load 'VSPerf140.dll' (GetLastError=126)
LogWindows: File 'VSPerf140.dll' does not exist
LogWindows: Failed to load 'VtuneApi.dll' (GetLastError=126)
LogWindows: File 'VtuneApi.dll' does not exist
LogWindows: Failed to load 'VtuneApi32e.dll' (GetLastError=126)
LogWindows: File 'VtuneApi32e.dll' does not exist
LogInit: Display: Running engine for game: StreetFighter
LogPlatformFile: Not using cached read wrapper
LogInit: Display: RandInit(1690877303) SRandInit(1690877303).
LogInit: Read version file with build ID '3709383'
LogInit: Overriding engine version to CL 3832480, compatible CL 3709383
LogInit: Registered custom module enumerator with build ID '3709383'
LogTaskGraph: Started task graph with 5 named threads and 14 total threads with 3 sets of task threads.
LogStats: Stats thread started at 0.177690
LogD3D11RHI: Aftermath initialized
LogModuleManager: Display: Found up-to-date module file ../../../Engine/Plugins/2D/Paper2D/Binaries/Win64/UE4Editor-Paper2D.dll (API version 3709383).
LogModuleManager: Display: Found up-to-date module file ../../../Engine/Plugins/2D/Paper2D/Binaries/Win64/UE4Editor-Paper2DEditor.dll (API version 3709383).
LogModuleManager: Display: Found up-to-date module file ../../../Engine/Plugins/2D/Paper2D/Binaries/Win64/UE4Editor-PaperSpriteSheetImporter.dll (API version 3709383).
LogModuleManager: Display: Found up-to-date module file ../../../Engine/Plugins/2D/Paper2D/Binaries/Win64/UE4Editor-PaperTiledImporter.dll (API version 3709383).
LogModuleManager: Display: Found up-to-date module file ../../../Engine/Plugins/2D/Paper2D/Binaries/Win64/UE4Editor-SmartSnapping.dll (API version 3709383).
LogModuleManager: Display: Found up-to-date module file ../../../Engine/Plugins/Blendables/LightPropagationVolume/Binaries/Win64/UE4Editor-LightPropagationVolumeRuntime.dll (API version 3709383).
LogModuleManager: Display: Found up-to-date module file ../../../Engine/Plugins/Blendables/LightPropagationVolume/Binaries/Win64/UE4Editor-LightPropagationVolumeEditor.dll (API version 3709383).
LogModuleManager: Display: Found up-to-date module file ../../../Engine/Plugins/Developer/GitSourceControl/Binaries/Win64/UE4Editor-GitSourceControl.dll (API version 3709383).
LogModuleManager: Display: Found up-to-date module file ../../../Engine/Plugins/Developer/PerforceSourceControl/Binaries/Win64/UE4Editor-PerforceSourceControl.dll (API version 3709383).
LogModuleManager: Display: Found up-to-date module file ../../../Engine/Plugins/Developer/SubversionSourceControl/Binaries/Win64/UE4Editor-SubversionSourceControl.dll (API version 3709383).
LogModuleManager: Display: Found up-to-date module file ../../../Engine/Plugins/Developer/UObjectPlugin/Binaries/Win64/UE4Editor-UObjectPlugin.dll (API version 3709383).
LogModuleManager: Display: Found up-to-date module file ../../../Engine/Plugins/Developer/VisualStudioCodeSourceCodeAccess/Binaries/Win64/UE4Editor-VisualStudioCodeSourceCodeAccess.dll (API version 3709383).
LogModuleManager: Display: Found up-to-date module file ../../../Engine/Plugins/Developer/VisualStudioSourceCodeAccess/Binaries/Win64/UE4Editor-VisualStudioSourceCodeAccess.dll (API version 3709383).
LogModuleManager: Display: Found up-to-date module file ../../../Engine/Plugins/Editor/AssetManagerEditor/Binaries/Win64/UE4Editor-AssetManagerEditor.dll (API version 3709383).
LogModuleManager: Display: Found up-to-date module file ../../../Engine/Plugins/Editor/AudioCapture/Binaries/Win64/UE4Editor-AudioCapture.dll (API version 3709383).
LogModuleManager: Display: Found up-to-date module file ../../../Engine/Plugins/Editor/FacialAnimation/Binaries/Win64/UE4Editor-FacialAnimation.dll (API version 3709383).
LogModuleManager: Display: Found up-to-date module file ../../../Engine/Plugins/Editor/FacialAnimation/Binaries/Win64/UE4Editor-FacialAnimationEditor.dll (API version 3709383).
LogModuleManager: Display: Found up-to-date module file ../../../Engine/Plugins/Editor/GameplayTagsEditor/Binaries/Win64/UE4Editor-GameplayTagsEditor.dll (API version 3709383).
LogModuleManager: Display: Found up-to-date module file ../../../Engine/Plugins/Editor/MobileLauncherProfileWizard/Binaries/Win64/UE4Editor-MobileLauncherProfileWizard.dll (API version 3709383).
LogModuleManager: Display: Found up-to-date module file ../../../Engine/Plugins/Editor/PluginBrowser/Binaries/Win64/UE4Editor-PluginBrowser.dll (API version 3709383).
LogModuleManager: Display: Found up-to-date module file ../../../Engine/Plugins/Editor/SpeedTreeImporter/Binaries/Win64/UE4Editor-SpeedTreeImporter.dll (API version 3709383).
LogModuleManager: Display: Found up-to-date module file ../../../Engine/Plugins/Experimental/AlembicImporter/Binaries/Win64/UE4Editor-AlembicImporter.dll (API version 3709383).
LogModuleManager: Display: Found up-to-date module file ../../../Engine/Plugins/Experimental/AlembicImporter/Binaries/Win64/UE4Editor-AlembicLibrary.dll (API version 3709383).
LogModuleManager: Display: Found up-to-date module file ../../../Engine/Plugins/Experimental/CharacterAI/Binaries/Win64/UE4Editor-CharacterAI.dll (API version 3709383).
LogModuleManager: Display: Found up-to-date module file ../../../Engine/Plugins/Experimental/HTML5Networking/Binaries/Win64/UE4Editor-HTML5Networking.dll (API version 3709383).
LogModuleManager: Display: Found up-to-date module file ../../../Engine/Plugins/Media/AndroidMedia/Binaries/Win64/UE4Editor-AndroidMediaEditor.dll (API version 3709383).
LogModuleManager: Display: Found up-to-date module file ../../../Engine/Plugins/Media/AndroidMedia/Binaries/Win64/UE4Editor-AndroidMediaFactory.dll (API version 3709383).
LogModuleManager: Display: Found up-to-date module file ../../../Engine/Plugins/Media/AvfMedia/Binaries/Win64/UE4Editor-AvfMediaEditor.dll (API version 3709383).
LogModuleManager: Display: Found up-to-date module file ../../../Engine/Plugins/Media/AvfMedia/Binaries/Win64/UE4Editor-AvfMediaFactory.dll (API version 3709383).
LogModuleManager: Display: Found up-to-date module file ../../../Engine/Plugins/Media/AvfMedia/Binaries/Win64/UE4Editor-AvfMediaFactory.dll (API version 3709383).
LogModuleManager: Display: Found up-to-date module file ../../../Engine/Plugins/Media/ImgMedia/Binaries/Win64/UE4Editor-ImgMedia.dll (API version 3709383).
LogModuleManager: Display: Found up-to-date module file ../../../Engine/Plugins/Media/ImgMedia/Binaries/Win64/UE4Editor-ImgMediaEditor.dll (API version 3709383).
LogModuleManager: Display: Found up-to-date module file ../../../Engine/Plugins/Media/ImgMedia/Binaries/Win64/UE4Editor-ImgMediaFactory.dll (API version 3709383).
LogModuleManager: Display: Found up-to-date module file ../../../Engine/Plugins/Media/ImgMedia/Binaries/Win64/UE4Editor-ImgMediaFactory.dll (API version 3709383).
LogModuleManager: Display: Found up-to-date module file ../../../Engine/Plugins/Media/ImgMedia/Binaries/Win64/UE4Editor-OpenExrWrapper.dll (API version 3709383).
LogModuleManager: Display: Found up-to-date module file ../../../Engine/Plugins/Media/MediaCompositing/Binaries/Win64/UE4Editor-MediaCompositing.dll (API version 3709383).
LogModuleManager: Display: Found up-to-date module file ../../../Engine/Plugins/Media/MediaCompositing/Binaries/Win64/UE4Editor-MediaCompositingEditor.dll (API version 3709383).
LogModuleManager: Display: Found up-to-date module file ../../../Engine/Plugins/Media/MediaPlayerEditor/Binaries/Win64/UE4Editor-MediaPlayerEditor.dll (API version 3709383).
LogModuleManager: Display: Found up-to-date module file ../../../Engine/Plugins/Media/WmfMedia/Binaries/Win64/UE4Editor-WmfMedia.dll (API version 3709383).
LogModuleManager: Display: Found up-to-date module file ../../../Engine/Plugins/Media/WmfMedia/Binaries/Win64/UE4Editor-WmfMediaEditor.dll (API version 3709383).
LogModuleManager: Display: Found up-to-date module file ../../../Engine/Plugins/Media/WmfMedia/Binaries/Win64/UE4Editor-WmfMediaFactory.dll (API version 3709383).
LogModuleManager: Display: Found up-to-date module file ../../../Engine/Plugins/Media/WmfMedia/Binaries/Win64/UE4Editor-WmfMediaFactory.dll (API version 3709383).
LogModuleManager: Display: Found up-to-date module file ../../../Engine/Plugins/Messaging/TcpMessaging/Binaries/Win64/UE4Editor-TcpMessaging.dll (API version 3709383).
LogModuleManager: Display: Found up-to-date module file ../../../Engine/Plugins/Messaging/UdpMessaging/Binaries/Win64/UE4Editor-UdpMessaging.dll (API version 3709383).
LogModuleManager: Display: Found up-to-date module file ../../../Engine/Plugins/MovieScene/ActorSequence/Binaries/Win64/UE4Editor-ActorSequence.dll (API version 3709383).
LogModuleManager: Display: Found up-to-date module file ../../../Engine/Plugins/MovieScene/LevelSequenceEditor/Binaries/Win64/UE4Editor-LevelSequenceEditor.dll (API version 3709383).
LogModuleManager: Display: Found up-to-date module file ../../../Engine/Plugins/MovieScene/MatineeToLevelSequence/Binaries/Win64/UE4Editor-MatineeToLevelSequence.dll (API version 3709383).
LogModuleManager: Display: Found up-to-date module file ../../../Engine/Plugins/Online/OnlineSubsystem/Binaries/Win64/UE4Editor-OnlineSubsystem.dll (API version 3709383).
LogModuleManager: Display: Found up-to-date module file ../../../Engine/Plugins/Runtime/AndroidPermission/Binaries/Win64/UE4Editor-AndroidPermission.dll (API version 3709383).
LogModuleManager: Display: Found up-to-date module file ../../../Engine/Plugins/Online/OnlineSubsystemNull/Binaries/Win64/UE4Editor-OnlineSubsystemNull.dll (API version 3709383).
LogModuleManager: Display: Found up-to-date module file ../../../Engine/Plugins/Online/OnlineSubsystemUtils/Binaries/Win64/UE4Editor-OnlineSubsystemUtils.dll (API version 3709383).
LogModuleManager: Display: Found up-to-date module file ../../../Engine/Plugins/Online/OnlineSubsystemUtils/Binaries/Win64/UE4Editor-OnlineBlueprintSupport.dll (API version 3709383).
LogModuleManager: Display: Found up-to-date module file ../../../Engine/Plugins/Runtime/AndroidDeviceProfileSelector/Binaries/Win64/UE4Editor-AndroidDeviceProfileSelector.dll (API version 3709383).
LogModuleManager: Display: Found up-to-date module file ../../../Engine/Plugins/Runtime/AppleARKit/Binaries/Win64/UE4Editor-AppleARKit.dll (API version 3709383).
LogModuleManager: Display: Found up-to-date module file ../../../Engine/Plugins/Runtime/ArchVisCharacter/Binaries/Win64/UE4Editor-ArchVisCharacter.dll (API version 3709383).
LogModuleManager: Display: Found up-to-date module file ../../../Engine/Plugins/Runtime/CableComponent/Binaries/Win64/UE4Editor-CableComponent.dll (API version 3709383).
LogModuleManager: Display: Found up-to-date module file ../../../Engine/Plugins/Runtime/CustomMeshComponent/Binaries/Win64/UE4Editor-CustomMeshComponent.dll (API version 3709383).
LogModuleManager: Display: Found up-to-date module file ../../../Engine/Plugins/Runtime/ExampleDeviceProfileSelector/Binaries/Win64/UE4Editor-ExampleDeviceProfileSelector.dll (API version 3709383).
LogModuleManager: Display: Found up-to-date module file ../../../Engine/Plugins/Runtime/ImmediatePhysics/Binaries/Win64/UE4Editor-ImmediatePhysics.dll (API version 3709383).
LogModuleManager: Display: Found up-to-date module file ../../../Engine/Plugins/Runtime/ImmediatePhysics/Binaries/Win64/UE4Editor-ImmediatePhysicsEditor.dll (API version 3709383).
LogModuleManager: Display: Found up-to-date module file ../../../Engine/Plugins/Runtime/LocationServicesBPLibrary/Binaries/Win64/UE4Editor-LocationServicesBPLibrary.dll (API version 3709383).
LogModuleManager: Display: Found up-to-date module file ../../../Engine/Plugins/Runtime/MobilePatchingUtils/Binaries/Win64/UE4Editor-MobilePatchingUtils.dll (API version 3709383).
LogModuleManager: Display: Found up-to-date module file ../../../Engine/Plugins/Runtime/Oculus/OculusVR/Binaries/Win64/UE4Editor-OculusHMD.dll (API version 3709383).
LogModuleManager: Display: Found up-to-date module file ../../../Engine/Plugins/Runtime/Oculus/OculusVR/Binaries/Win64/UE4Editor-OculusInput.dll (API version 3709383).
LogModuleManager: Display: Found up-to-date module file ../../../Engine/Plugins/Runtime/Oculus/OculusVR/Binaries/Win64/UE4Editor-OculusEditor.dll (API version 3709383).
LogModuleManager: Display: Found up-to-date module file ../../../Engine/Plugins/Runtime/PhysXVehicles/Binaries/Win64/UE4Editor-PhysXVehicles.dll (API version 3709383).
LogModuleManager: Display: Found up-to-date module file ../../../Engine/Plugins/Runtime/PhysXVehicles/Binaries/Win64/UE4Editor-PhysXVehiclesEditor.dll (API version 3709383).
LogModuleManager: Display: Found up-to-date module file ../../../Engine/Plugins/Runtime/ProceduralMeshComponent/Binaries/Win64/UE4Editor-ProceduralMeshComponent.dll (API version 3709383).
LogModuleManager: Display: Found up-to-date module file ../../../Engine/Plugins/Runtime/ProceduralMeshComponent/Binaries/Win64/UE4Editor-ProceduralMeshComponentEditor.dll (API version 3709383).
LogModuleManager: Display: Found up-to-date module file ../../../Engine/Plugins/Runtime/RuntimePhysXCooking/Binaries/Win64/UE4Editor-RuntimePhysXCooking.dll (API version 3709383).
LogModuleManager: Display: Found up-to-date module file ../../../Engine/Plugins/Runtime/Steam/SteamVR/Binaries/Win64/UE4Editor-SteamVR.dll (API version 3709383).
LogModuleManager: Display: Found up-to-date module file ../../../Engine/Plugins/Runtime/Steam/SteamVR/Binaries/Win64/UE4Editor-SteamVRController.dll (API version 3709383).
LogModuleManager: Display: Found up-to-date module file ../../../Engine/Plugins/Runtime/WindowsMoviePlayer/Binaries/Win64/UE4Editor-WindowsMoviePlayer.dll (API version 3709383).
LogPluginManager: Mounting plugin Paper2D
LogPluginManager: Mounting plugin LightPropagationVolume
LogPluginManager: Mounting plugin CodeLiteSourceCodeAccess
LogPluginManager: Mounting plugin GitSourceControl
LogPluginManager: Mounting plugin KDevelopSourceCodeAccess
LogPluginManager: Mounting plugin NullSourceCodeAccess
LogPluginManager: Mounting plugin PerforceSourceControl
LogPluginManager: Mounting plugin SubversionSourceControl
LogPluginManager: Mounting plugin UObjectPlugin
LogPluginManager: Mounting plugin VisualStudioCodeSourceCodeAccess
LogPluginManager: Mounting plugin VisualStudioSourceCodeAccess
LogPluginManager: Mounting plugin XCodeSourceCodeAccess
LogPluginManager: Mounting plugin AssetManagerEditor
LogPluginManager: Mounting plugin AudioCapture
LogPluginManager: Mounting plugin FacialAnimation
LogPluginManager: Mounting plugin GameplayTagsEditor
LogPluginManager: Mounting plugin MobileLauncherProfileWizard
LogPluginManager: Mounting plugin PluginBrowser
LogPluginManager: Mounting plugin SpeedTreeImporter
LogPluginManager: Mounting plugin AlembicImporter
LogPluginManager: Mounting plugin CharacterAI
LogPluginManager: Mounting plugin HTML5Networking
LogPluginManager: Mounting plugin AndroidMedia
LogPluginManager: Mounting plugin AvfMedia
LogPluginManager: Mounting plugin ImgMedia
LogPluginManager: Mounting plugin MediaCompositing
LogPluginManager: Mounting plugin MediaPlayerEditor
LogPluginManager: Mounting plugin WmfMedia
LogPluginManager: Mounting plugin TcpMessaging
LogPluginManager: Mounting plugin UdpMessaging
LogPluginManager: Mounting plugin ActorSequence
LogPluginManager: Mounting plugin LevelSequenceEditor
LogPluginManager: Mounting plugin MatineeToLevelSequence
LogPluginManager: Mounting plugin OnlineSubsystemGooglePlay
LogPluginManager: Mounting plugin OnlineSubsystemIOS
LogPluginManager: Mounting plugin OnlineSubsystem
LogPluginManager: Mounting plugin OnlineSubsystemNull
LogPluginManager: Mounting plugin OnlineSubsystemUtils
LogPluginManager: Mounting plugin AndroidDeviceProfileSelector
LogPluginManager: Mounting plugin AndroidMoviePlayer
LogPluginManager: Mounting plugin AndroidPermission
LogPluginManager: Mounting plugin AppleARKit
LogPluginManager: Mounting plugin AppleMoviePlayer
LogPluginManager: Mounting plugin ArchVisCharacter
LogPluginManager: Mounting plugin CableComponent
LogPluginManager: Mounting plugin CustomMeshComponent
LogPluginManager: Mounting plugin ExampleDeviceProfileSelector
LogPluginManager: Mounting plugin GoogleCloudMessaging
LogPluginManager: Mounting plugin ImmediatePhysics
LogPluginManager: Mounting plugin IOSDeviceProfileSelector
LogPluginManager: Mounting plugin LinuxDeviceProfileSelector
LogPluginManager: Mounting plugin LocationServicesBPLibrary
LogPluginManager: Mounting plugin MobilePatchingUtils
LogPluginManager: Mounting plugin OculusVR
LogPluginManager: Plugin shader directory ../../../Engine/Plugins/Runtime/Oculus/OculusVR/Shaders found
LogPluginManager: Mapping shader source directory ../../../Engine/Plugins/Runtime/Oculus/OculusVR/Shaders to virtual directory /Plugin/OculusVR
LogPluginManager: Mounting plugin PhysXVehicles
LogPluginManager: Mounting plugin ProceduralMeshComponent
LogPluginManager: Mounting plugin RuntimePhysXCooking
LogPluginManager: Mounting plugin SteamVR
LogPluginManager: Mounting plugin WindowsMoviePlayer
LogInit: Using libcurl 7.47.1
LogInit:  - built for x86_64-pc-win32
LogInit:  - supports SSL with OpenSSL/1.0.2g
LogInit:  - supports HTTP deflate (compression) using libz 1.2.8
LogInit:  - other features:
LogInit:      CURL_VERSION_SSL
LogInit:      CURL_VERSION_LIBZ
LogInit:      CURL_VERSION_IPV6
LogInit:      CURL_VERSION_ASYNCHDNS
LogInit:      CURL_VERSION_LARGEFILE
LogInit:      CURL_VERSION_IDN
LogInit:  CurlRequestOptions (configurable via config and command line):
LogInit:  - bVerifyPeer = false  - Libcurl will NOT verify peer certificate
LogInit:  - bUseHttpProxy = false  - Libcurl will NOT use HTTP proxy
LogInit:  - bDontReuseConnections = false  - Libcurl will reuse connections
LogInit:  - CertBundlePath = nullptr  - Libcurl will use whatever was configured at build time.
LogInit: Build: ++UE4+Release-4.18-CL-3832480
LogInit: Engine Version: 4.18.3-3832480+++UE4+Release-4.18
LogInit: Compatible Engine Version: 4.18.0-3709383+++UE4+Release-4.18
LogInit: Net CL: 3709383
LogDevObjectVersion: Number of dev versions registered: 16
LogDevObjectVersion:   Dev-Blueprints (B0D832E4-1F89-4F0D-ACCF-7EB736FD4AA2): 10
LogDevObjectVersion:   Dev-Build (E1C64328-A22C-4D53-A36C-8E866417BD8C): 0
LogDevObjectVersion:   Dev-Core (375EC13C-06E4-48FB-B500-84F0262A717E): 2
LogDevObjectVersion:   Dev-Editor (E4B068ED-F494-42E9-A231-DA0B2E46BB41): 20
LogDevObjectVersion:   Dev-Framework (CFFC743F-43B0-4480-9391-14DF171D2073): 30
LogDevObjectVersion:   Dev-Mobile (B02B49B5-BB20-44E9-A304-32B752E40360): 0
LogDevObjectVersion:   Dev-Networking (A4E4105C-59A1-49B5-A7C5-40C4547EDFEE): 0
LogDevObjectVersion:   Dev-Online (39C831C9-5AE6-47DC-9A44-9C173E1C8E7C): 0
LogDevObjectVersion:   Dev-Physics (78F01B33-EBEA-4F98-B9B4-84EACCB95AA2): 0
LogDevObjectVersion:   Dev-Platform (6631380F-2D4D-43E0-8009-CF276956A95A): 0
LogDevObjectVersion:   Dev-Rendering (12F88B9F-8875-4AFC-A67C-D90C383ABD29): 20
LogDevObjectVersion:   Dev-Sequencer (7B5AE74C-D270-4C10-A958-57980B212A5A): 4
LogDevObjectVersion:   Dev-VR (D7296918-1DD6-4BDD-9DE2-64A83CC13884): 0
LogDevObjectVersion:   Dev-LoadTimes (C2A15278-BFE7-4AFE-6C17-90FF531DF755): 1
LogDevObjectVersion:   Private-Geometry (6EACA3D4-40EC-4CC1-B786-8BED09428FC5): 1
LogDevObjectVersion:   Dev-AnimPhys (29E575DD-E0A3-4627-9D10-D276232CDCEA): 12
LogInit: Compiled (64-bit): Jan 12 2018 02:04:55
LogInit: Compiled with Visual C++: 19.00.24215.01
LogInit: Build Configuration: Development
LogInit: Branch Name: ++UE4+Release-4.18
LogInit: Command line: -EpicPortal 
LogInit: Base directory: E:/Program Files/UE_4.18/Engine/Binaries/Win64/
LogInit: Installed Engine Build: 1
LogInit: Presizing for max 8388607 objects, including 0 objects not considered by GC, pre-allocating 0 bytes for permanent pool.
LogInit: Object subsystem initialized
[2018.04.04-02.28.34:470][  0]LogInit: Selected Device Profile: [Windows]
[2018.04.04-02.28.34:470][  0]LogInit: Applying CVar settings loaded from the selected device profile: [Windows]
[2018.04.04-02.28.34:484][  0]LogInit: Computer: LAPTOP-39U3Q6A8
[2018.04.04-02.28.34:484][  0]LogInit: User: Marc
[2018.04.04-02.28.34:484][  0]LogInit: CPU Page size=4096, Cores=4
[2018.04.04-02.28.34:484][  0]LogInit: High frequency timer resolution =2.742193 MHz
[2018.04.04-02.28.34:484][  0]LogMemory: Memory total: Physical=15.9GB (16GB approx)
[2018.04.04-02.28.34:484][  0]LogMemory: Platform Memory Stats for Windows
[2018.04.04-02.28.34:484][  0]LogMemory: Process Physical Memory: 275.81 MB used, 275.81 MB peak
[2018.04.04-02.28.34:484][  0]LogMemory: Process Virtual Memory: 269.87 MB used, 269.87 MB peak
[2018.04.04-02.28.34:484][  0]LogMemory: Physical Memory: 5712.26 MB used,  10546.90 MB free, 16259.16 MB total
[2018.04.04-02.28.34:484][  0]LogMemory: Virtual Memory: 682.73 MB used,  10546.90 MB free, 134217728.00 MB total
[2018.04.04-02.28.34:602][  0]LogInit: Using OS detected language (en-US).
[2018.04.04-02.28.34:602][  0]LogInit: Using OS detected locale (en-US).
[2018.04.04-02.28.34:604][  0]LogTextLocalizationManager: No specific localization for 'en-US' exists, so the 'en' localization will be used.
[2018.04.04-02.28.34:981][  0]LogInit: Setting process to per monitor DPI aware
[2018.04.04-02.28.35:195][  0]LogD3D11RHI: D3D11 adapters:
[2018.04.04-02.28.35:256][  0]LogD3D11RHI:    0. 'NVIDIA GeForce GTX 1050 Ti' (Feature Level 11_0)
[2018.04.04-02.28.35:256][  0]LogD3D11RHI:       4031/0/8129 MB DedicatedVideo/DedicatedSystem/SharedSystem, Outputs:1, VendorId:0x10de
[2018.04.04-02.28.35:267][  0]LogD3D11RHI:    1. 'Intel(R) HD Graphics 630' (Feature Level 11_0)
[2018.04.04-02.28.35:267][  0]LogD3D11RHI:       128/0/8129 MB DedicatedVideo/DedicatedSystem/SharedSystem, Outputs:0, VendorId:0x8086
[2018.04.04-02.28.35:269][  0]LogD3D11RHI:    2. 'Microsoft Basic Render Driver' (Feature Level 11_0)
[2018.04.04-02.28.35:269][  0]LogD3D11RHI:       0/0/8129 MB DedicatedVideo/DedicatedSystem/SharedSystem, Outputs:0, VendorId:0x1414
[2018.04.04-02.28.35:269][  0]LogD3D11RHI: Chosen D3D11 Adapter: 0
[2018.04.04-02.28.35:275][  0]LogD3D11RHI: Creating new Direct3DDevice
[2018.04.04-02.28.35:275][  0]LogD3D11RHI:     GPU DeviceId: 0x1c8c (for the marketing name, search the web for "GPU Device Id")
[2018.04.04-02.28.35:275][  0]LogWindows: EnumDisplayDevices:
[2018.04.04-02.28.35:275][  0]LogWindows:    0. 'Intel(R) HD Graphics 630' (P:1 D:1)
[2018.04.04-02.28.35:275][  0]LogWindows:    1. 'Intel(R) HD Graphics 630' (P:0 D:0)
[2018.04.04-02.28.35:275][  0]LogWindows:    2. 'Intel(R) HD Graphics 630' (P:0 D:0)
[2018.04.04-02.28.35:275][  0]LogWindows: DebugString: GetVideoDriverDetailsInvalid PrimaryIsNotTheChoosenAdapter GetVideoDriverDetailsInvalid PrimaryIsNotTheChoosenAdapter GetVideoDriverDetailsInvalid PrimaryIsNotTheChoosenAdapter FoundDriverCount:0 
[2018.04.04-02.28.35:275][  0]LogD3D11RHI:     Adapter Name: NVIDIA GeForce GTX 1050 Ti
[2018.04.04-02.28.35:275][  0]LogD3D11RHI:   Driver Version: Unknown (internal:Unknown, unified:Unknown)
[2018.04.04-02.28.35:275][  0]LogD3D11RHI:      Driver Date: Unknown
[2018.04.04-02.28.35:275][  0]LogRHI: Texture pool is 2821 MB (70% of 4031 MB)
[2018.04.04-02.28.35:300][  0]LogD3D11RHI: Async texture creation enabled
[2018.04.04-02.28.35:322][  0]LogD3D11RHI: GPU Timing Frequency: 1000.000000 (Debug: 2 1)
[2018.04.04-02.28.35:322][  0]LogShaderCompilers: Guid format shader working directory is -8 characters bigger than the processId version (C:/Users/Marc/Desktop/UE4_FinalProject/StreetFighter/Intermediate/Shaders/WorkingDirectory/11160/).
[2018.04.04-02.28.35:323][  0]LogShaderCompilers: Cleaned the shader compiler working directory 'C:/Users/Marc/AppData/Local/Temp/UnrealShaderWorkingDir/994D0DB8427045321AA1E3A05C7B79A1/'.
[2018.04.04-02.28.35:323][  0]LogShaderCompilers: Display: Using Local Shader Compiler.
[2018.04.04-02.28.36:240][  0]LogTemp: Display: Loaded TP AllDesktopTargetPlatform
[2018.04.04-02.28.36:285][  0]LogTemp: Display: Loaded TP MacClientTargetPlatform
[2018.04.04-02.28.36:325][  0]LogTemp: Display: Loaded TP MacNoEditorTargetPlatform
[2018.04.04-02.28.36:361][  0]LogTemp: Display: Loaded TP MacServerTargetPlatform
[2018.04.04-02.28.36:398][  0]LogTemp: Display: Loaded TP MacTargetPlatform
[2018.04.04-02.28.36:448][  0]LogTemp: Display: Loaded TP WindowsClientTargetPlatform
[2018.04.04-02.28.36:485][  0]LogTemp: Display: Loaded TP WindowsNoEditorTargetPlatform
[2018.04.04-02.28.36:543][  0]LogTemp: Display: Loaded TP WindowsServerTargetPlatform
[2018.04.04-02.28.36:580][  0]LogTemp: Display: Loaded TP WindowsTargetPlatform
[2018.04.04-02.28.36:616][  0]LogTemp: Display: Loaded TP Android_ASTCTargetPlatform
[2018.04.04-02.28.36:652][  0]LogTemp: Display: Loaded TP Android_ATCTargetPlatform
[2018.04.04-02.28.36:687][  0]LogTemp: Display: Loaded TP Android_DXTTargetPlatform
[2018.04.04-02.28.36:724][  0]LogTemp: Display: Loaded TP Android_ETC1TargetPlatform
[2018.04.04-02.28.36:759][  0]LogTemp: Display: Loaded TP Android_ETC2TargetPlatform
[2018.04.04-02.28.36:841][  0]LogTemp: Display: Loaded TP Android_MultiTargetPlatform
[2018.04.04-02.28.36:841][  0]LogTemp: Display: Loaded TP Android_PVRTCTargetPlatform
[2018.04.04-02.28.36:877][  0]LogTemp: Display: Loaded TP AndroidTargetPlatform
[2018.04.04-02.28.36:904][  0]LogTemp: Display: Loaded TP HTML5TargetPlatform
[2018.04.04-02.28.36:977][  0]LogTemp: Display: Loaded TP IOSTargetPlatform
[2018.04.04-02.28.36:998][  0]LogTemp: Display: Loaded TP TVOSTargetPlatform
[2018.04.04-02.28.37:038][  0]LogTemp: Display: Loaded TP LinuxClientTargetPlatform
[2018.04.04-02.28.37:077][  0]LogTemp: Display: Loaded TP LinuxNoEditorTargetPlatform
[2018.04.04-02.28.37:128][  0]LogTemp: Display: Loaded TP LinuxServerTargetPlatform
[2018.04.04-02.28.37:175][  0]LogTemp: Display: Loaded TP LinuxTargetPlatform
[2018.04.04-02.28.37:175][  0]LogTargetPlatformManager: Display: Building Assets For Windows
[2018.04.04-02.28.37:492][  0]LogDerivedDataCache: Display: Max Cache Size: 512 MB
[2018.04.04-02.28.37:583][  0]LogDerivedDataCache: Loaded boot cache 0.09s 79MB C:/Users/Marc/AppData/Local/UnrealEngine/4.18/DerivedDataCache/Boot.ddc.
[2018.04.04-02.28.37:583][  0]LogDerivedDataCache: Display: Loaded Boot cache: C:/Users/Marc/AppData/Local/UnrealEngine/4.18/DerivedDataCache/Boot.ddc
[2018.04.04-02.28.37:583][  0]LogDerivedDataCache: FDerivedDataBackendGraph:  Pak pak cache file C:/Users/Marc/Desktop/UE4_FinalProject/StreetFighter/DerivedDataCache/DDC.ddp not found, will not use a pak cache.
[2018.04.04-02.28.37:583][  0]LogDerivedDataCache: Unable to find inner node Pak for hierarchical cache Hierarchy.
[2018.04.04-02.28.37:583][  0]LogDerivedDataCache: FDerivedDataBackendGraph:  CompressedPak pak cache file C:/Users/Marc/Desktop/UE4_FinalProject/StreetFighter/DerivedDataCache/Compressed.ddp not found, will not use a pak cache.
[2018.04.04-02.28.37:583][  0]LogDerivedDataCache: Unable to find inner node CompressedPak for hierarchical cache Hierarchy.
[2018.04.04-02.28.37:605][  0]LogDerivedDataCache: Display: Pak cache opened for reading ../../../Engine/DerivedDataCache/Compressed.ddp.
[2018.04.04-02.28.37:618][  0]LogDerivedDataCache: Using Local data cache path C:/Users/Marc/AppData/Local/UnrealEngine/Common/DerivedDataCache: Writable
[2018.04.04-02.28.37:632][  0]LogMaterial: Verifying Global Shaders for PCD3D_SM5
[2018.04.04-02.28.37:633][  0]LogSlate: Using Freetype 2.6.0
[2018.04.04-02.28.37:633][  0]LogSlate: SlateFontCache - WITH_FREETYPE: 1, WITH_HARFBUZZ: 1
[2018.04.04-02.28.37:634][  0]LogSlate: SlateFontCache - WITH_FREETYPE: 1, WITH_HARFBUZZ: 1
[2018.04.04-02.28.38:040][  0]LogInit: Selected Device Profile: [Windows]
[2018.04.04-02.28.38:335][  0]LogSimplygon: Simplygon DLL not present - disabling.
[2018.04.04-02.28.38:373][  0]LogMeshReduction: Using SimplygonSwarm for distributed automatic mesh merging
[2018.04.04-02.28.38:373][  0]LogMeshReduction: Using QuadricMeshReduction for automatic static mesh reduction
[2018.04.04-02.28.38:373][  0]LogMeshReduction: No automatic skeletal mesh reduction module available
[2018.04.04-02.28.38:373][  0]LogMeshReduction: No automatic mesh merging module available
[2018.04.04-02.28.38:373][  0]LogMeshMerging: No automatic mesh merging module available
[2018.04.04-02.28.38:400][  0]LogNetVersion: StreetFighter , NetCL: 3709383, EngineNetVer: 2, GameNetVer: 0 (Checksum: 4265377532)
[2018.04.04-02.28.38:558][  0]LogAssetRegistry: FAssetRegistry took 0.0255 seconds to start up
[2018.04.04-02.28.39:076][  0]LogPackageLocalizationCache: Processed 7 localized package path(s) for 2 prioritized culture(s) in 0.074070 seconds
[2018.04.04-02.28.39:081][  0]LogUObjectArray: 35870 objects as part of root set at end of initial load.
[2018.04.04-02.28.39:081][  0]LogUObjectAllocator: 7363704 out of 0 bytes used by permanent object pool.
[2018.04.04-02.28.39:081][  0]LogUObjectArray: CloseDisregardForGC: 0/0 objects in disregard for GC pool
[2018.04.04-02.28.39:114][  0]LogInit: WinSock: version 1.1 (2.2), MaxSocks=32767, MaxUdp=65467
[2018.04.04-02.28.42:263][  0]LogTcpMessaging: Initializing TcpMessaging bridge
[2018.04.04-02.28.42:303][  0]LogUdpMessaging: Initializing bridge on interface 0.0.0.0:0 to multicast group 230.0.0.1:6666.
[2018.04.04-02.28.42:844][  0]LogMaterial: Uniform references updated for custom material expression Custom.
[2018.04.04-02.28.43:194][  0]SourceControl: Source control is disabled
[2018.04.04-02.28.43:194][  0]SourceControl: Source control is disabled
[2018.04.04-02.28.43:232][  0]SourceControl: Source control is disabled
[2018.04.04-02.28.43:277][  0]SourceControl: Source control is disabled
[2018.04.04-02.28.43:925][  0]LogAndroidPermission: UAndroidPermissionCallbackProxy::GetInstance
[2018.04.04-02.28.44:177][  0]LogOcInput: OculusInput pre-init called
[2018.04.04-02.28.44:427][  0]LogEngine: Initializing Engine...
[2018.04.04-02.28.44:430][  0]LogHMD: Failed to initialize OpenVR with code 102
[2018.04.04-02.28.44:632][  0]LogStats: UGameplayTagsManager::ConstructGameplayTagTree: Construct from data asset -  0.000 s
[2018.04.04-02.28.44:632][  0]LogStats: UGameplayTagsManager::ConstructGameplayTagTree: GameplayTagTreeChangedEvent.Broadcast -  0.000 s
[2018.04.04-02.28.44:715][  0]LogAIModule: Creating AISystem for world Untitled
[2018.04.04-02.28.44:721][  0]LogInit: XAudio2 using 'Speakers (Realtek High Definition Audio)' : 2 channels at 48 kHz using 32 bits per sample (channel mask 0x3)
[2018.04.04-02.28.44:734][  0]LogInit: FAudioDevice initialized.
[2018.04.04-02.28.44:785][  0]LogDerivedDataCache: Saved boot cache 0.05s 78MB C:/Users/Marc/AppData/Local/UnrealEngine/4.18/DerivedDataCache/Boot.ddc.
[2018.04.04-02.28.44:795][  0]LogInit: Texture streaming: Enabled
[2018.04.04-02.28.44:858][  0]LogEngineSessionManager: EngineSessionManager initialized
[2018.04.04-02.28.44:948][  0]LogWindowsTextInputMethodSystem: Display: IME system now deactivated.
[2018.04.04-02.28.45:009][  0]LogInit: Transaction tracking system initialized
[2018.04.04-02.28.45:225][  0]BlueprintLog: New page: Editor Load
[2018.04.04-02.28.45:873][  0]LocalizationService: Localization service is disabled
[2018.04.04-02.28.46:260][  0]LogLinker: Warning: Can't find file '/Game/ThirdPersonBP/ThirdPersonOverview'
[2018.04.04-02.28.46:260][  0]LogLinker: Warning: Can't find file '/Game/ThirdPersonBP/ThirdPersonOverview'
[2018.04.04-02.28.46:260][  0]LogUObjectGlobals: Warning: Failed to find object 'Class /Game/ThirdPersonBP/ThirdPersonOverview.ThirdPersonOverview_C'
[2018.04.04-02.28.46:445][  0]LogConsoleResponse: Display: 
[2018.04.04-02.28.46:599][  0]LogCook: Display: Max memory allowance for cook 16384mb min free memory 0mb
[2018.04.04-02.28.46:599][  0]LogCook: Display: Mobile HDR setting 1
[2018.04.04-02.28.46:599][  0]LogGameplayTags: Display: UGameplayTagsManager::DoneAddingNativeTags. DelegateIsBound: 0
[2018.04.04-02.28.47:457][  0]LogFileCache: Scanning file cache for directory 'C:/Users/Marc/Desktop/UE4_FinalProject/StreetFighter/Content/' took 0.01s
[2018.04.04-02.28.47:457][  0]SourceControl: Source control is disabled
[2018.04.04-02.28.47:457][  0]Cmd: MAP LOAD FILE="C:/Users/Marc/Desktop/UE4_FinalProject/StreetFighter/Content/SideScrollerBP/Maps/SideScrollerExampleMap.umap" TEMPLATE=0 SHOWPROGRESS=1 FEATURELEVEL=3
[2018.04.04-02.28.47:458][  0]LightingResults: New page: Lighting Build
[2018.04.04-02.28.47:484][  0]MapCheck: New page: Map Check
[2018.04.04-02.28.47:484][  0]LightingResults: New page: Lighting Build
[2018.04.04-02.28.48:669][  0]LogAIModule: Creating AISystem for world SideScrollerExampleMap
[2018.04.04-02.28.48:688][  0]LogEditorServer: Finished looking for orphan Actors (0.000 secs)
[2018.04.04-02.28.48:704][  0]Cmd: MAP CHECKDEP NOCLEARLOG
[2018.04.04-02.28.48:749][  0]MapCheck: Map check complete: 0 Error(s), 0 Warning(s), took 44.521ms to complete.
[2018.04.04-02.28.48:749][  0]LogFileHelpers: Loading map 'SideScrollerExampleMap' took 1.291
[2018.04.04-02.28.49:605][  0]LogCollectionManager: Loaded 0 collections in 0.000865 seconds
[2018.04.04-02.28.49:768][  0]LogFileCache: Scanning file cache for directory 'C:/Users/Marc/Desktop/UE4_FinalProject/StreetFighter/Saved/Collections/' took 0.01s
[2018.04.04-02.28.49:768][  0]LogFileCache: Scanning file cache for directory 'C:/Users/Marc/Desktop/UE4_FinalProject/StreetFighter/Content/Developers/Marc/Collections/' took 0.01s
[2018.04.04-02.28.49:768][  0]LogFileCache: Scanning file cache for directory 'C:/Users/Marc/Desktop/UE4_FinalProject/StreetFighter/Content/Collections/' took 0.01s
[2018.04.04-02.28.49:768][  0]LogCollectionManager: Rebuilt the GUID cache for 0 collections in 0.000000 seconds
[2018.04.04-02.28.49:784][  0]LogContentBrowser: Native class hierarchy populated in 0.0109 seconds. Added 2363 classes and 519 folders.
[2018.04.04-02.28.49:941][  0]LogContentBrowser: Native class hierarchy updated for 'WidgetCarousel' in 0.0003 seconds. Added 0 classes and 0 folders.
[2018.04.04-02.28.51:407][  0]LogContentBrowser: Native class hierarchy updated for 'AddContentDialog' in 0.0002 seconds. Added 0 classes and 0 folders.
[2018.04.04-02.28.51:600][  0]LogContentBrowser: Native class hierarchy updated for 'SceneOutliner' in 0.0002 seconds. Added 1 classes and 2 folders.
[2018.04.04-02.28.51:907][  0]LogSlate: Took 0.000212 seconds to synchronously load lazily loaded font '../../../Engine/Content/Slate/Fonts/Roboto-Regular.ttf' (155K)
[2018.04.04-02.28.51:918][  0]LogSlate: Took 0.000259 seconds to synchronously load lazily loaded font '../../../Engine/Content/Slate/Fonts/Roboto-Bold.ttf' (160K)
[2018.04.04-02.28.51:976][  0]LogSlate: Took 0.012088 seconds to synchronously load lazily loaded font '../../../Engine/Content/Editor/Slate/Fonts/FontAwesome.ttf' (139K)
[2018.04.04-02.28.52:507][  0]LogRenderer: Reallocating scene render targets to support 868x392 Format 10 NumSamples 1 (Frame:1).
[2018.04.04-02.28.52:912][  0]LogContentBrowser: Native class hierarchy updated for 'HierarchicalLODOutliner' in 0.0002 seconds. Added 1 classes and 2 folders.
[2018.04.04-02.28.52:912][  0]LogLoad: (Engine Initialization) Total time: 20.68 seconds
[2018.04.04-02.28.52:912][  0]LogLoad: (Engine Initialization) Total Blueprint compile time: 0.00 seconds
[2018.04.04-02.28.52:912][  0]LogExternalProfiler: No external profilers were discovered.  External profiling features will not be available.
[2018.04.04-02.28.53:021][  0]LogContentStreaming: Texture pool size now 1000 MB
[2018.04.04-02.28.53:331][  0]LogSlate: Took 0.079894 seconds to synchronously load lazily loaded font '../../../Engine/Content/Slate/Fonts/Roboto-Light.ttf' (159K)
[2018.04.04-02.28.53:370][  1]LogAssetRegistry: Asset discovery search completed in 14.8313 seconds
[2018.04.04-02.28.53:372][  1]LogCollectionManager: Rebuilt the object cache for 0 collections in 0.000000 seconds (found 0 objects)
[2018.04.04-02.28.53:372][  1]LogCollectionManager: Fixed up redirectors for 0 collections in 0.000038 seconds (updated 0 objects)
[2018.04.04-02.28.53:997][ 29]LogSlate: Took 0.000168 seconds to synchronously load lazily loaded font '../../../Engine/Content/Slate/Fonts/Roboto-Light.ttf' (159K)
[2018.04.04-02.28.56:649][183]LogSlate: Took 0.000127 seconds to synchronously load lazily loaded font '../../../Engine/Content/Slate/Fonts/Roboto-Light.ttf' (159K)
[2018.04.04-02.28.57:255][183]LogContentBrowser: Native class hierarchy updated for 'BlueprintGraph' in 0.0005 seconds. Added 116 classes and 0 folders.
[2018.04.04-02.28.59:050][183]LogSlate: Took 0.013671 seconds to synchronously load lazily loaded font '../../../Engine/Content/Editor/Slate/Fonts/Roboto-BoldCondensed.ttf' (158K)
[2018.04.04-02.29.02:265][357]LogSlate: Took 0.016027 seconds to synchronously load lazily loaded font '../../../Engine/Content/Editor/Slate/Fonts/Roboto-Italic.ttf' (157K)
[2018.04.04-02.29.07:988][673]LogTemp: Repeating last play command: Selected Viewport
[2018.04.04-02.29.08:037][673]LogBlueprintUserMessages: Early PlayInEditor Detection: Level '/Game/SideScrollerBP/Maps/SideScrollerExampleMap.SideScrollerExampleMap:PersistentLevel' has LevelScriptBlueprint '/Game/SideScrollerBP/Maps/SideScrollerExampleMap.SideScrollerExampleMap:PersistentLevel.SideScrollerExampleMap' with GeneratedClass '/Game/SideScrollerBP/Maps/SideScrollerExampleMap.SideScrollerExampleMap_C' with ClassGeneratedBy '/Game/SideScrollerBP/Maps/SideScrollerExampleMap.SideScrollerExampleMap:PersistentLevel.SideScrollerExampleMap'
[2018.04.04-02.29.08:060][673]LogPlayLevel: PlayLevel: No blueprints needed recompiling
[2018.04.04-02.29.08:062][673]PIE: New page: PIE session: SideScrollerExampleMap (Apr 3, 2018, 12:29:08 PM)
[2018.04.04-02.29.08:070][673]LogPlayLevel: Creating play world package: /Game/SideScrollerBP/Maps/UEDPIE_0_SideScrollerExampleMap
[2018.04.04-02.29.08:112][673]LogPlayLevel: PIE: StaticDuplicateObject took: (0.042071s)
[2018.04.04-02.29.08:112][673]LogAIModule: Creating AISystem for world SideScrollerExampleMap
[2018.04.04-02.29.08:113][673]LogPlayLevel: PIE: World Init took: (0.001118s)
[2018.04.04-02.29.08:113][673]LogPlayLevel: PIE: Created PIE world by copying editor world from /Game/SideScrollerBP/Maps/SideScrollerExampleMap.SideScrollerExampleMap to /Game/SideScrollerBP/Maps/UEDPIE_0_SideScrollerExampleMap.SideScrollerExampleMap (0.043625s)
[2018.04.04-02.29.08:155][673]LogInit: XAudio2 using 'Speakers (Realtek High Definition Audio)' : 2 channels at 48 kHz using 32 bits per sample (channel mask 0x3)
[2018.04.04-02.29.08:163][673]LogInit: FAudioDevice initialized.
[2018.04.04-02.29.08:237][673]LogLoad: Game class is 'SideScrollerGameMode_C'
[2018.04.04-02.29.08:255][673]LogWorld: Bringing World /Game/SideScrollerBP/Maps/UEDPIE_0_SideScrollerExampleMap.SideScrollerExampleMap up for play (max tick rate 60) at 2018.04.03-19.29.08
[2018.04.04-02.29.08:256][673]LogWorld: Bringing up level for play took: 0.001933
[2018.04.04-02.29.08:329][673]LogContentBrowser: Native class hierarchy updated for 'MovieSceneCapture' in 0.0003 seconds. Added 11 classes and 0 folders.
[2018.04.04-02.29.08:366][673]PIE: Play in editor start time for /Game/SideScrollerBP/Maps/UEDPIE_0_SideScrollerExampleMap -0.421
[2018.04.04-02.29.08:367][673]LogBlueprintUserMessages: Late PlayInEditor Detection: Level '/Game/SideScrollerBP/Maps/SideScrollerExampleMap.SideScrollerExampleMap:PersistentLevel' has LevelScriptBlueprint '/Game/SideScrollerBP/Maps/SideScrollerExampleMap.SideScrollerExampleMap:PersistentLevel.SideScrollerExampleMap' with GeneratedClass '/Game/SideScrollerBP/Maps/SideScrollerExampleMap.SideScrollerExampleMap_C' with ClassGeneratedBy '/Game/SideScrollerBP/Maps/SideScrollerExampleMap.SideScrollerExampleMap:PersistentLevel.SideScrollerExampleMap'
[2018.04.04-02.31.18:802][490]LogBlueprintUserMessages: Early EndPlayMap Detection: Level '/Game/SideScrollerBP/Maps/SideScrollerExampleMap.SideScrollerExampleMap:PersistentLevel' has LevelScriptBlueprint '/Game/SideScrollerBP/Maps/SideScrollerExampleMap.SideScrollerExampleMap:PersistentLevel.SideScrollerExampleMap' with GeneratedClass '/Game/SideScrollerBP/Maps/SideScrollerExampleMap.SideScrollerExampleMap_C' with ClassGeneratedBy '/Game/SideScrollerBP/Maps/SideScrollerExampleMap.SideScrollerExampleMap:PersistentLevel.SideScrollerExampleMap'
[2018.04.04-02.31.18:839][490]LogBlueprintUserMessages: Late EndPlayMap Detection: Level '/Game/SideScrollerBP/Maps/SideScrollerExampleMap.SideScrollerExampleMap:PersistentLevel' has LevelScriptBlueprint '/Game/SideScrollerBP/Maps/SideScrollerExampleMap.SideScrollerExampleMap:PersistentLevel.SideScrollerExampleMap' with GeneratedClass '/Game/SideScrollerBP/Maps/SideScrollerExampleMap.SideScrollerExampleMap_C' with ClassGeneratedBy '/Game/SideScrollerBP/Maps/SideScrollerExampleMap.SideScrollerExampleMap:PersistentLevel.SideScrollerExampleMap'
[2018.04.04-02.32.50:366][ 76]BlueprintLog: New page: Compile SideScrollerCharacter
[2018.04.04-02.32.51:991][150]LogTemp: Repeating last play command: Selected Viewport
[2018.04.04-02.32.52:009][150]LogBlueprintUserMessages: Early PlayInEditor Detection: Level '/Game/SideScrollerBP/Maps/SideScrollerExampleMap.SideScrollerExampleMap:PersistentLevel' has LevelScriptBlueprint '/Game/SideScrollerBP/Maps/SideScrollerExampleMap.SideScrollerExampleMap:PersistentLevel.SideScrollerExampleMap' with GeneratedClass '/Game/SideScrollerBP/Maps/SideScrollerExampleMap.SideScrollerExampleMap_C' with ClassGeneratedBy '/Game/SideScrollerBP/Maps/SideScrollerExampleMap.SideScrollerExampleMap:PersistentLevel.SideScrollerExampleMap'
[2018.04.04-02.32.52:010][150]LogPlayLevel: PlayLevel: No blueprints needed recompiling
[2018.04.04-02.32.52:010][150]PIE: New page: PIE session: SideScrollerExampleMap (Apr 3, 2018, 12:32:52 PM)
[2018.04.04-02.32.52:010][150]LogPlayLevel: Creating play world package: /Game/SideScrollerBP/Maps/UEDPIE_0_SideScrollerExampleMap
[2018.04.04-02.32.52:026][150]LogPlayLevel: PIE: StaticDuplicateObject took: (0.016025s)
[2018.04.04-02.32.52:027][150]LogAIModule: Creating AISystem for world SideScrollerExampleMap
[2018.04.04-02.32.52:027][150]LogPlayLevel: PIE: World Init took: (0.001010s)
[2018.04.04-02.32.52:027][150]LogPlayLevel: PIE: Created PIE world by copying editor world from /Game/SideScrollerBP/Maps/SideScrollerExampleMap.SideScrollerExampleMap to /Game/SideScrollerBP/Maps/UEDPIE_0_SideScrollerExampleMap.SideScrollerExampleMap (0.017381s)
[2018.04.04-02.32.52:046][150]LogInit: XAudio2 using 'Speakers (Realtek High Definition Audio)' : 2 channels at 48 kHz using 32 bits per sample (channel mask 0x3)
[2018.04.04-02.32.52:054][150]LogInit: FAudioDevice initialized.
[2018.04.04-02.32.52:186][150]LogLoad: Game class is 'SideScrollerGameMode_C'
[2018.04.04-02.32.52:188][150]LogWorld: Bringing World /Game/SideScrollerBP/Maps/UEDPIE_0_SideScrollerExampleMap.SideScrollerExampleMap up for play (max tick rate 60) at 2018.04.03-19.32.52
[2018.04.04-02.32.52:189][150]LogWorld: Bringing up level for play took: 0.001159
[2018.04.04-02.32.52:193][150]PIE: Play in editor start time for /Game/SideScrollerBP/Maps/UEDPIE_0_SideScrollerExampleMap -0.629
[2018.04.04-02.32.52:193][150]LogBlueprintUserMessages: Late PlayInEditor Detection: Level '/Game/SideScrollerBP/Maps/SideScrollerExampleMap.SideScrollerExampleMap:PersistentLevel' has LevelScriptBlueprint '/Game/SideScrollerBP/Maps/SideScrollerExampleMap.SideScrollerExampleMap:PersistentLevel.SideScrollerExampleMap' with GeneratedClass '/Game/SideScrollerBP/Maps/SideScrollerExampleMap.SideScrollerExampleMap_C' with ClassGeneratedBy '/Game/SideScrollerBP/Maps/SideScrollerExampleMap.SideScrollerExampleMap:PersistentLevel.SideScrollerExampleMap'
[2018.04.04-02.32.54:337][277]LogBlueprintUserMessages: Early EndPlayMap Detection: Level '/Game/SideScrollerBP/Maps/SideScrollerExampleMap.SideScrollerExampleMap:PersistentLevel' has LevelScriptBlueprint '/Game/SideScrollerBP/Maps/SideScrollerExampleMap.SideScrollerExampleMap:PersistentLevel.SideScrollerExampleMap' with GeneratedClass '/Game/SideScrollerBP/Maps/SideScrollerExampleMap.SideScrollerExampleMap_C' with ClassGeneratedBy '/Game/SideScrollerBP/Maps/SideScrollerExampleMap.SideScrollerExampleMap:PersistentLevel.SideScrollerExampleMap'
[2018.04.04-02.32.54:368][277]LogBlueprintUserMessages: Late EndPlayMap Detection: Level '/Game/SideScrollerBP/Maps/SideScrollerExampleMap.SideScrollerExampleMap:PersistentLevel' has LevelScriptBlueprint '/Game/SideScrollerBP/Maps/SideScrollerExampleMap.SideScrollerExampleMap:PersistentLevel.SideScrollerExampleMap' with GeneratedClass '/Game/SideScrollerBP/Maps/SideScrollerExampleMap.SideScrollerExampleMap_C' with ClassGeneratedBy '/Game/SideScrollerBP/Maps/SideScrollerExampleMap.SideScrollerExampleMap:PersistentLevel.SideScrollerExampleMap'
[2018.04.04-02.35.55:238][188]LogTemp: Repeating last play command: Selected Viewport
[2018.04.04-02.35.55:260][188]LogBlueprintUserMessages: Early PlayInEditor Detection: Level '/Game/SideScrollerBP/Maps/SideScrollerExampleMap.SideScrollerExampleMap:PersistentLevel' has LevelScriptBlueprint '/Game/SideScrollerBP/Maps/SideScrollerExampleMap.SideScrollerExampleMap:PersistentLevel.SideScrollerExampleMap' with GeneratedClass '/Game/SideScrollerBP/Maps/SideScrollerExampleMap.SideScrollerExampleMap_C' with ClassGeneratedBy '/Game/SideScrollerBP/Maps/SideScrollerExampleMap.SideScrollerExampleMap:PersistentLevel.SideScrollerExampleMap'
[2018.04.04-02.35.55:260][188]LogPlayLevel: PlayLevel: No blueprints needed recompiling
[2018.04.04-02.35.55:261][188]PIE: New page: PIE session: SideScrollerExampleMap (Apr 3, 2018, 12:35:55 PM)
[2018.04.04-02.35.55:261][188]LogPlayLevel: Creating play world package: /Game/SideScrollerBP/Maps/UEDPIE_0_SideScrollerExampleMap
[2018.04.04-02.35.55:276][188]LogPlayLevel: PIE: StaticDuplicateObject took: (0.015299s)
[2018.04.04-02.35.55:277][188]LogAIModule: Creating AISystem for world SideScrollerExampleMap
[2018.04.04-02.35.55:277][188]LogPlayLevel: PIE: World Init took: (0.001285s)
[2018.04.04-02.35.55:278][188]LogPlayLevel: PIE: Created PIE world by copying editor world from /Game/SideScrollerBP/Maps/SideScrollerExampleMap.SideScrollerExampleMap to /Game/SideScrollerBP/Maps/UEDPIE_0_SideScrollerExampleMap.SideScrollerExampleMap (0.016921s)
[2018.04.04-02.35.55:300][188]LogInit: XAudio2 using 'Speakers (Realtek High Definition Audio)' : 2 channels at 48 kHz using 32 bits per sample (channel mask 0x3)
[2018.04.04-02.35.55:311][188]LogInit: FAudioDevice initialized.
[2018.04.04-02.35.55:361][188]LogLoad: Game class is 'SideScrollerGameMode_C'
[2018.04.04-02.35.55:363][188]LogWorld: Bringing World /Game/SideScrollerBP/Maps/UEDPIE_0_SideScrollerExampleMap.SideScrollerExampleMap up for play (max tick rate 60) at 2018.04.03-19.35.55
[2018.04.04-02.35.55:363][188]LogWorld: Bringing up level for play took: 0.001018
[2018.04.04-02.35.55:367][188]PIE: Play in editor start time for /Game/SideScrollerBP/Maps/UEDPIE_0_SideScrollerExampleMap 0.517
[2018.04.04-02.35.55:367][188]LogBlueprintUserMessages: Late PlayInEditor Detection: Level '/Game/SideScrollerBP/Maps/SideScrollerExampleMap.SideScrollerExampleMap:PersistentLevel' has LevelScriptBlueprint '/Game/SideScrollerBP/Maps/SideScrollerExampleMap.SideScrollerExampleMap:PersistentLevel.SideScrollerExampleMap' with GeneratedClass '/Game/SideScrollerBP/Maps/SideScrollerExampleMap.SideScrollerExampleMap_C' with ClassGeneratedBy '/Game/SideScrollerBP/Maps/SideScrollerExampleMap.SideScrollerExampleMap:PersistentLevel.SideScrollerExampleMap'
[2018.04.04-02.35.56:355][246]LogBlueprintUserMessages: Early EndPlayMap Detection: Level '/Game/SideScrollerBP/Maps/SideScrollerExampleMap.SideScrollerExampleMap:PersistentLevel' has LevelScriptBlueprint '/Game/SideScrollerBP/Maps/SideScrollerExampleMap.SideScrollerExampleMap:PersistentLevel.SideScrollerExampleMap' with GeneratedClass '/Game/SideScrollerBP/Maps/SideScrollerExampleMap.SideScrollerExampleMap_C' with ClassGeneratedBy '/Game/SideScrollerBP/Maps/SideScrollerExampleMap.SideScrollerExampleMap:PersistentLevel.SideScrollerExampleMap'
[2018.04.04-02.35.56:391][246]LogBlueprintUserMessages: Late EndPlayMap Detection: Level '/Game/SideScrollerBP/Maps/SideScrollerExampleMap.SideScrollerExampleMap:PersistentLevel' has LevelScriptBlueprint '/Game/SideScrollerBP/Maps/SideScrollerExampleMap.SideScrollerExampleMap:PersistentLevel.SideScrollerExampleMap' with GeneratedClass '/Game/SideScrollerBP/Maps/SideScrollerExampleMap.SideScrollerExampleMap_C' with ClassGeneratedBy '/Game/SideScrollerBP/Maps/SideScrollerExampleMap.SideScrollerExampleMap:PersistentLevel.SideScrollerExampleMap'
[2018.04.04-02.35.58:181][352]Cmd: TRANSACTION UNDO
[2018.04.04-02.35.58:181][352]LogEditorTransaction: Undo Remove Components
[2018.04.04-02.35.58:188][352]LogActorComponent: ~FComponentReregisterContext: (/Engine/Transient.World_0:PersistentLevel.SideScrollerCharacter_C_0.CollisionCylinder) Component already registered.
[2018.04.04-02.35.58:645][372]Cmd: TRANSACTION UNDO
[2018.04.04-02.35.58:645][372]LogEditorTransaction: Undo Remove Components
[2018.04.04-02.35.59:943][443]BlueprintLog: New page: Compile SideScrollerCharacter
[2018.04.04-02.36.01:144][467]LogSavePackage: Save=121.77ms
[2018.04.04-02.36.01:145][467]LogSavePackage: Moving 'C:/Users/Marc/Desktop/UE4_FinalProject/StreetFighter/Saved/SideScrollerCharacterA41533F94290BBF3810B0B8C8B1D2B46.tmp' to 'C:/Users/Marc/Desktop/UE4_FinalProject/StreetFighter/Content/SideScrollerBP/Blueprints/SideScrollerCharacter.uasset'
[2018.04.04-02.36.01:149][467]LogSavePackage: Display: Finished SavePackage C:/Users/Marc/Desktop/UE4_FinalProject/StreetFighter/Content/SideScrollerBP/Blueprints/SideScrollerCharacter.uasset
[2018.04.04-02.36.02:113][525]LogTemp: Repeating last play command: Selected Viewport
[2018.04.04-02.36.02:131][525]LogBlueprintUserMessages: Early PlayInEditor Detection: Level '/Game/SideScrollerBP/Maps/SideScrollerExampleMap.SideScrollerExampleMap:PersistentLevel' has LevelScriptBlueprint '/Game/SideScrollerBP/Maps/SideScrollerExampleMap.SideScrollerExampleMap:PersistentLevel.SideScrollerExampleMap' with GeneratedClass '/Game/SideScrollerBP/Maps/SideScrollerExampleMap.SideScrollerExampleMap_C' with ClassGeneratedBy '/Game/SideScrollerBP/Maps/SideScrollerExampleMap.SideScrollerExampleMap:PersistentLevel.SideScrollerExampleMap'
[2018.04.04-02.36.02:131][525]LogPlayLevel: PlayLevel: No blueprints needed recompiling
[2018.04.04-02.36.02:131][525]PIE: New page: PIE session: SideScrollerExampleMap (Apr 3, 2018, 12:36:02 PM)
[2018.04.04-02.36.02:132][525]LogPlayLevel: Creating play world package: /Game/SideScrollerBP/Maps/UEDPIE_0_SideScrollerExampleMap
[2018.04.04-02.36.02:145][525]LogPlayLevel: PIE: StaticDuplicateObject took: (0.013616s)
[2018.04.04-02.36.02:146][525]LogAIModule: Creating AISystem for world SideScrollerExampleMap
[2018.04.04-02.36.02:146][525]LogPlayLevel: PIE: World Init took: (0.000858s)
[2018.04.04-02.36.02:146][525]LogPlayLevel: PIE: Created PIE world by copying editor world from /Game/SideScrollerBP/Maps/SideScrollerExampleMap.SideScrollerExampleMap to /Game/SideScrollerBP/Maps/UEDPIE_0_SideScrollerExampleMap.SideScrollerExampleMap (0.014752s)
[2018.04.04-02.36.02:164][525]LogInit: XAudio2 using 'Speakers (Realtek High Definition Audio)' : 2 channels at 48 kHz using 32 bits per sample (channel mask 0x3)
[2018.04.04-02.36.02:173][525]LogInit: FAudioDevice initialized.
[2018.04.04-02.36.02:202][525]LogLoad: Game class is 'SideScrollerGameMode_C'
[2018.04.04-02.36.02:204][525]LogWorld: Bringing World /Game/SideScrollerBP/Maps/UEDPIE_0_SideScrollerExampleMap.SideScrollerExampleMap up for play (max tick rate 60) at 2018.04.03-19.36.02
[2018.04.04-02.36.02:204][525]LogWorld: Bringing up level for play took: 0.000818
[2018.04.04-02.36.02:208][525]PIE: Play in editor start time for /Game/SideScrollerBP/Maps/UEDPIE_0_SideScrollerExampleMap -0.643
[2018.04.04-02.36.02:208][525]LogBlueprintUserMessages: Late PlayInEditor Detection: Level '/Game/SideScrollerBP/Maps/SideScrollerExampleMap.SideScrollerExampleMap:PersistentLevel' has LevelScriptBlueprint '/Game/SideScrollerBP/Maps/SideScrollerExampleMap.SideScrollerExampleMap:PersistentLevel.SideScrollerExampleMap' with GeneratedClass '/Game/SideScrollerBP/Maps/SideScrollerExampleMap.SideScrollerExampleMap_C' with ClassGeneratedBy '/Game/SideScrollerBP/Maps/SideScrollerExampleMap.SideScrollerExampleMap:PersistentLevel.SideScrollerExampleMap'
[2018.04.04-02.36.11:686][ 92]LogBlueprintUserMessages: Early EndPlayMap Detection: Level '/Game/SideScrollerBP/Maps/SideScrollerExampleMap.SideScrollerExampleMap:PersistentLevel' has LevelScriptBlueprint '/Game/SideScrollerBP/Maps/SideScrollerExampleMap.SideScrollerExampleMap:PersistentLevel.SideScrollerExampleMap' with GeneratedClass '/Game/SideScrollerBP/Maps/SideScrollerExampleMap.SideScrollerExampleMap_C' with ClassGeneratedBy '/Game/SideScrollerBP/Maps/SideScrollerExampleMap.SideScrollerExampleMap:PersistentLevel.SideScrollerExampleMap'
[2018.04.04-02.36.11:719][ 92]LogBlueprintUserMessages: Late EndPlayMap Detection: Level '/Game/SideScrollerBP/Maps/SideScrollerExampleMap.SideScrollerExampleMap:PersistentLevel' has LevelScriptBlueprint '/Game/SideScrollerBP/Maps/SideScrollerExampleMap.SideScrollerExampleMap:PersistentLevel.SideScrollerExampleMap' with GeneratedClass '/Game/SideScrollerBP/Maps/SideScrollerExampleMap.SideScrollerExampleMap_C' with ClassGeneratedBy '/Game/SideScrollerBP/Maps/SideScrollerExampleMap.SideScrollerExampleMap:PersistentLevel.SideScrollerExampleMap'
[2018.04.04-02.36.12:234][122]LogTemp: Repeating last play command: Selected Viewport
[2018.04.04-02.36.12:253][122]LogBlueprintUserMessages: Early PlayInEditor Detection: Level '/Game/SideScrollerBP/Maps/SideScrollerExampleMap.SideScrollerExampleMap:PersistentLevel' has LevelScriptBlueprint '/Game/SideScrollerBP/Maps/SideScrollerExampleMap.SideScrollerExampleMap:PersistentLevel.SideScrollerExampleMap' with GeneratedClass '/Game/SideScrollerBP/Maps/SideScrollerExampleMap.SideScrollerExampleMap_C' with ClassGeneratedBy '/Game/SideScrollerBP/Maps/SideScrollerExampleMap.SideScrollerExampleMap:PersistentLevel.SideScrollerExampleMap'
[2018.04.04-02.36.12:254][122]LogPlayLevel: PlayLevel: No blueprints needed recompiling
[2018.04.04-02.36.12:254][122]PIE: New page: PIE session: SideScrollerExampleMap (Apr 3, 2018, 12:36:12 PM)
[2018.04.04-02.36.12:254][122]LogPlayLevel: Creating play world package: /Game/SideScrollerBP/Maps/UEDPIE_0_SideScrollerExampleMap
[2018.04.04-02.36.12:267][122]LogPlayLevel: PIE: StaticDuplicateObject took: (0.012993s)
[2018.04.04-02.36.12:268][122]LogAIModule: Creating AISystem for world SideScrollerExampleMap
[2018.04.04-02.36.12:268][122]LogPlayLevel: PIE: World Init took: (0.001048s)
[2018.04.04-02.36.12:268][122]LogPlayLevel: PIE: Created PIE world by copying editor world from /Game/SideScrollerBP/Maps/SideScrollerExampleMap.SideScrollerExampleMap to /Game/SideScrollerBP/Maps/UEDPIE_0_SideScrollerExampleMap.SideScrollerExampleMap (0.014336s)
[2018.04.04-02.36.12:285][122]LogInit: XAudio2 using 'Speakers (Realtek High Definition Audio)' : 2 channels at 48 kHz using 32 bits per sample (channel mask 0x3)
[2018.04.04-02.36.12:293][122]LogInit: FAudioDevice initialized.
[2018.04.04-02.36.12:322][122]LogLoad: Game class is 'SideScrollerGameMode_C'
[2018.04.04-02.36.12:323][122]LogWorld: Bringing World /Game/SideScrollerBP/Maps/UEDPIE_0_SideScrollerExampleMap.SideScrollerExampleMap up for play (max tick rate 60) at 2018.04.03-19.36.12
[2018.04.04-02.36.12:323][122]LogWorld: Bringing up level for play took: 0.000972
[2018.04.04-02.36.12:327][122]PIE: Play in editor start time for /Game/SideScrollerBP/Maps/UEDPIE_0_SideScrollerExampleMap -0.525
[2018.04.04-02.36.12:327][122]LogBlueprintUserMessages: Late PlayInEditor Detection: Level '/Game/SideScrollerBP/Maps/SideScrollerExampleMap.SideScrollerExampleMap:PersistentLevel' has LevelScriptBlueprint '/Game/SideScrollerBP/Maps/SideScrollerExampleMap.SideScrollerExampleMap:PersistentLevel.SideScrollerExampleMap' with GeneratedClass '/Game/SideScrollerBP/Maps/SideScrollerExampleMap.SideScrollerExampleMap_C' with ClassGeneratedBy '/Game/SideScrollerBP/Maps/SideScrollerExampleMap.SideScrollerExampleMap:PersistentLevel.SideScrollerExampleMap'
[2018.04.04-02.36.17:286][418]LogBlueprintUserMessages: Early EndPlayMap Detection: Level '/Game/SideScrollerBP/Maps/SideScrollerExampleMap.SideScrollerExampleMap:PersistentLevel' has LevelScriptBlueprint '/Game/SideScrollerBP/Maps/SideScrollerExampleMap.SideScrollerExampleMap:PersistentLevel.SideScrollerExampleMap' with GeneratedClass '/Game/SideScrollerBP/Maps/SideScrollerExampleMap.SideScrollerExampleMap_C' with ClassGeneratedBy '/Game/SideScrollerBP/Maps/SideScrollerExampleMap.SideScrollerExampleMap:PersistentLevel.SideScrollerExampleMap'
[2018.04.04-02.36.17:319][418]LogBlueprintUserMessages: Late EndPlayMap Detection: Level '/Game/SideScrollerBP/Maps/SideScrollerExampleMap.SideScrollerExampleMap:PersistentLevel' has LevelScriptBlueprint '/Game/SideScrollerBP/Maps/SideScrollerExampleMap.SideScrollerExampleMap:PersistentLevel.SideScrollerExampleMap' with GeneratedClass '/Game/SideScrollerBP/Maps/SideScrollerExampleMap.SideScrollerExampleMap_C' with ClassGeneratedBy '/Game/SideScrollerBP/Maps/SideScrollerExampleMap.SideScrollerExampleMap:PersistentLevel.SideScrollerExampleMap'
[2018.04.04-02.37.15:177][843]LogTemp: Repeating last play command: Selected Viewport
[2018.04.04-02.37.15:196][843]LogBlueprintUserMessages: Early PlayInEditor Detection: Level '/Game/SideScrollerBP/Maps/SideScrollerExampleMap.SideScrollerExampleMap:PersistentLevel' has LevelScriptBlueprint '/Game/SideScrollerBP/Maps/SideScrollerExampleMap.SideScrollerExampleMap:PersistentLevel.SideScrollerExampleMap' with GeneratedClass '/Game/SideScrollerBP/Maps/SideScrollerExampleMap.SideScrollerExampleMap_C' with ClassGeneratedBy '/Game/SideScrollerBP/Maps/SideScrollerExampleMap.SideScrollerExampleMap:PersistentLevel.SideScrollerExampleMap'
[2018.04.04-02.37.15:197][843]LogPlayLevel: PlayLevel: No blueprints needed recompiling
[2018.04.04-02.37.15:197][843]PIE: New page: PIE session: SideScrollerExampleMap (Apr 3, 2018, 12:37:15 PM)
[2018.04.04-02.37.15:197][843]LogPlayLevel: Creating play world package: /Game/SideScrollerBP/Maps/UEDPIE_0_SideScrollerExampleMap
[2018.04.04-02.37.15:213][843]LogPlayLevel: PIE: StaticDuplicateObject took: (0.016178s)
[2018.04.04-02.37.15:214][843]LogAIModule: Creating AISystem for world SideScrollerExampleMap
[2018.04.04-02.37.15:214][843]LogPlayLevel: PIE: World Init took: (0.000608s)
[2018.04.04-02.37.15:214][843]LogPlayLevel: PIE: Created PIE world by copying editor world from /Game/SideScrollerBP/Maps/SideScrollerExampleMap.SideScrollerExampleMap to /Game/SideScrollerBP/Maps/UEDPIE_0_SideScrollerExampleMap.SideScrollerExampleMap (0.017074s)
[2018.04.04-02.37.15:233][843]LogInit: XAudio2 using 'Speakers (Realtek High Definition Audio)' : 2 channels at 48 kHz using 32 bits per sample (channel mask 0x3)
[2018.04.04-02.37.15:241][843]LogInit: FAudioDevice initialized.
[2018.04.04-02.37.15:275][843]LogLoad: Game class is 'SideScrollerGameMode_C'
[2018.04.04-02.37.15:276][843]LogWorld: Bringing World /Game/SideScrollerBP/Maps/UEDPIE_0_SideScrollerExampleMap.SideScrollerExampleMap up for play (max tick rate 60) at 2018.04.03-19.37.15
[2018.04.04-02.37.15:277][843]LogWorld: Bringing up level for play took: 0.000920
[2018.04.04-02.37.15:281][843]PIE: Play in editor start time for /Game/SideScrollerBP/Maps/UEDPIE_0_SideScrollerExampleMap 0.419
[2018.04.04-02.37.15:281][843]LogBlueprintUserMessages: Late PlayInEditor Detection: Level '/Game/SideScrollerBP/Maps/SideScrollerExampleMap.SideScrollerExampleMap:PersistentLevel' has LevelScriptBlueprint '/Game/SideScrollerBP/Maps/SideScrollerExampleMap.SideScrollerExampleMap:PersistentLevel.SideScrollerExampleMap' with GeneratedClass '/Game/SideScrollerBP/Maps/SideScrollerExampleMap.SideScrollerExampleMap_C' with ClassGeneratedBy '/Game/SideScrollerBP/Maps/SideScrollerExampleMap.SideScrollerExampleMap:PersistentLevel.SideScrollerExampleMap'
[2018.04.04-02.37.28:329][595]Cmd: SELECT NONE
[2018.04.04-02.37.29:618][669]Cmd: SELECT NONE
[2018.04.04-02.37.30:503][722]LogBlueprintUserMessages: Early EndPlayMap Detection: Level '/Game/SideScrollerBP/Maps/SideScrollerExampleMap.SideScrollerExampleMap:PersistentLevel' has LevelScriptBlueprint '/Game/SideScrollerBP/Maps/SideScrollerExampleMap.SideScrollerExampleMap:PersistentLevel.SideScrollerExampleMap' with GeneratedClass '/Game/SideScrollerBP/Maps/SideScrollerExampleMap.SideScrollerExampleMap_C' with ClassGeneratedBy '/Game/SideScrollerBP/Maps/SideScrollerExampleMap.SideScrollerExampleMap:PersistentLevel.SideScrollerExampleMap'
[2018.04.04-02.37.30:537][722]LogBlueprintUserMessages: Late EndPlayMap Detection: Level '/Game/SideScrollerBP/Maps/SideScrollerExampleMap.SideScrollerExampleMap:PersistentLevel' has LevelScriptBlueprint '/Game/SideScrollerBP/Maps/SideScrollerExampleMap.SideScrollerExampleMap:PersistentLevel.SideScrollerExampleMap' with GeneratedClass '/Game/SideScrollerBP/Maps/SideScrollerExampleMap.SideScrollerExampleMap_C' with ClassGeneratedBy '/Game/SideScrollerBP/Maps/SideScrollerExampleMap.SideScrollerExampleMap:PersistentLevel.SideScrollerExampleMap'
[2018.04.04-02.39.42:491][803]BlueprintLog: New page: Compile SideScrollerCharacter
[2018.04.04-02.39.43:327][823]LogSavePackage: Save=81.45ms
[2018.04.04-02.39.43:327][823]LogSavePackage: Moving 'C:/Users/Marc/Desktop/UE4_FinalProject/StreetFighter/Saved/SideScrollerCharacterA586BBB14DDE66C2C0A852B4715D07CA.tmp' to 'C:/Users/Marc/Desktop/UE4_FinalProject/StreetFighter/Content/SideScrollerBP/Blueprints/SideScrollerCharacter.uasset'
[2018.04.04-02.39.43:330][823]LogSavePackage: Display: Finished SavePackage C:/Users/Marc/Desktop/UE4_FinalProject/StreetFighter/Content/SideScrollerBP/Blueprints/SideScrollerCharacter.uasset
[2018.04.04-02.39.43:975][862]LogTemp: Repeating last play command: Selected Viewport
[2018.04.04-02.39.43:994][862]LogBlueprintUserMessages: Early PlayInEditor Detection: Level '/Game/SideScrollerBP/Maps/SideScrollerExampleMap.SideScrollerExampleMap:PersistentLevel' has LevelScriptBlueprint '/Game/SideScrollerBP/Maps/SideScrollerExampleMap.SideScrollerExampleMap:PersistentLevel.SideScrollerExampleMap' with GeneratedClass '/Game/SideScrollerBP/Maps/SideScrollerExampleMap.SideScrollerExampleMap_C' with ClassGeneratedBy '/Game/SideScrollerBP/Maps/SideScrollerExampleMap.SideScrollerExampleMap:PersistentLevel.SideScrollerExampleMap'
[2018.04.04-02.39.43:994][862]LogPlayLevel: PlayLevel: No blueprints needed recompiling
[2018.04.04-02.39.43:994][862]PIE: New page: PIE session: SideScrollerExampleMap (Apr 3, 2018, 12:39:43 PM)
[2018.04.04-02.39.43:994][862]LogPlayLevel: Creating play world package: /Game/SideScrollerBP/Maps/UEDPIE_0_SideScrollerExampleMap
[2018.04.04-02.39.44:011][862]LogPlayLevel: PIE: StaticDuplicateObject took: (0.016130s)
[2018.04.04-02.39.44:011][862]LogAIModule: Creating AISystem for world SideScrollerExampleMap
[2018.04.04-02.39.44:012][862]LogPlayLevel: PIE: World Init took: (0.001011s)
[2018.04.04-02.39.44:012][862]LogPlayLevel: PIE: Created PIE world by copying editor world from /Game/SideScrollerBP/Maps/SideScrollerExampleMap.SideScrollerExampleMap to /Game/SideScrollerBP/Maps/UEDPIE_0_SideScrollerExampleMap.SideScrollerExampleMap (0.017555s)
[2018.04.04-02.39.44:032][862]LogInit: XAudio2 using 'Speakers (Realtek High Definition Audio)' : 2 channels at 48 kHz using 32 bits per sample (channel mask 0x3)
[2018.04.04-02.39.44:041][862]LogInit: FAudioDevice initialized.
[2018.04.04-02.39.44:136][862]LogLoad: Game class is 'SideScrollerGameMode_C'
[2018.04.04-02.39.44:139][862]LogWorld: Bringing World /Game/SideScrollerBP/Maps/UEDPIE_0_SideScrollerExampleMap.SideScrollerExampleMap up for play (max tick rate 60) at 2018.04.03-19.39.44
[2018.04.04-02.39.44:139][862]LogWorld: Bringing up level for play took: 0.001824
[2018.04.04-02.39.44:146][862]PIE: Play in editor start time for /Game/SideScrollerBP/Maps/UEDPIE_0_SideScrollerExampleMap -0.738
[2018.04.04-02.39.44:147][862]LogBlueprintUserMessages: Late PlayInEditor Detection: Level '/Game/SideScrollerBP/Maps/SideScrollerExampleMap.SideScrollerExampleMap:PersistentLevel' has LevelScriptBlueprint '/Game/SideScrollerBP/Maps/SideScrollerExampleMap.SideScrollerExampleMap:PersistentLevel.SideScrollerExampleMap' with GeneratedClass '/Game/SideScrollerBP/Maps/SideScrollerExampleMap.SideScrollerExampleMap_C' with ClassGeneratedBy '/Game/SideScrollerBP/Maps/SideScrollerExampleMap.SideScrollerExampleMap:PersistentLevel.SideScrollerExampleMap'
[2018.04.04-02.39.44:178][862]LogRenderer: Reallocating scene render targets to support 1024x576 Format 10 NumSamples 1 (Frame:1).
[2018.04.04-02.39.45:673][950]LogBlueprintUserMessages: Early EndPlayMap Detection: Level '/Game/SideScrollerBP/Maps/SideScrollerExampleMap.SideScrollerExampleMap:PersistentLevel' has LevelScriptBlueprint '/Game/SideScrollerBP/Maps/SideScrollerExampleMap.SideScrollerExampleMap:PersistentLevel.SideScrollerExampleMap' with GeneratedClass '/Game/SideScrollerBP/Maps/SideScrollerExampleMap.SideScrollerExampleMap_C' with ClassGeneratedBy '/Game/SideScrollerBP/Maps/SideScrollerExampleMap.SideScrollerExampleMap:PersistentLevel.SideScrollerExampleMap'
[2018.04.04-02.39.45:719][950]LogBlueprintUserMessages: Late EndPlayMap Detection: Level '/Game/SideScrollerBP/Maps/SideScrollerExampleMap.SideScrollerExampleMap:PersistentLevel' has LevelScriptBlueprint '/Game/SideScrollerBP/Maps/SideScrollerExampleMap.SideScrollerExampleMap:PersistentLevel.SideScrollerExampleMap' with GeneratedClass '/Game/SideScrollerBP/Maps/SideScrollerExampleMap.SideScrollerExampleMap_C' with ClassGeneratedBy '/Game/SideScrollerBP/Maps/SideScrollerExampleMap.SideScrollerExampleMap:PersistentLevel.SideScrollerExampleMap'
[2018.04.04-02.40.49:652][562]LogTemp: Repeating last play command: Selected Viewport
[2018.04.04-02.40.49:673][562]LogBlueprintUserMessages: Early PlayInEditor Detection: Level '/Game/SideScrollerBP/Maps/SideScrollerExampleMap.SideScrollerExampleMap:PersistentLevel' has LevelScriptBlueprint '/Game/SideScrollerBP/Maps/SideScrollerExampleMap.SideScrollerExampleMap:PersistentLevel.SideScrollerExampleMap' with GeneratedClass '/Game/SideScrollerBP/Maps/SideScrollerExampleMap.SideScrollerExampleMap_C' with ClassGeneratedBy '/Game/SideScrollerBP/Maps/SideScrollerExampleMap.SideScrollerExampleMap:PersistentLevel.SideScrollerExampleMap'
[2018.04.04-02.40.49:674][562]LogPlayLevel: PlayLevel: No blueprints needed recompiling
[2018.04.04-02.40.49:674][562]PIE: New page: PIE session: SideScrollerExampleMap (Apr 3, 2018, 12:40:49 PM)
[2018.04.04-02.40.49:674][562]LogPlayLevel: Creating play world package: /Game/SideScrollerBP/Maps/UEDPIE_0_SideScrollerExampleMap
[2018.04.04-02.40.49:687][562]LogPlayLevel: PIE: StaticDuplicateObject took: (0.012871s)
[2018.04.04-02.40.49:687][562]LogAIModule: Creating AISystem for world SideScrollerExampleMap
[2018.04.04-02.40.49:688][562]LogPlayLevel: PIE: World Init took: (0.000852s)
[2018.04.04-02.40.49:688][562]LogPlayLevel: PIE: Created PIE world by copying editor world from /Game/SideScrollerBP/Maps/SideScrollerExampleMap.SideScrollerExampleMap to /Game/SideScrollerBP/Maps/UEDPIE_0_SideScrollerExampleMap.SideScrollerExampleMap (0.013981s)
[2018.04.04-02.40.49:740][562]LogInit: XAudio2 using 'Speakers (Realtek High Definition Audio)' : 2 channels at 48 kHz using 32 bits per sample (channel mask 0x3)
[2018.04.04-02.40.49:749][562]LogInit: FAudioDevice initialized.
[2018.04.04-02.40.49:781][562]LogLoad: Game class is 'SideScrollerGameMode_C'
[2018.04.04-02.40.49:783][562]LogWorld: Bringing World /Game/SideScrollerBP/Maps/UEDPIE_0_SideScrollerExampleMap.SideScrollerExampleMap up for play (max tick rate 60) at 2018.04.03-19.40.49
[2018.04.04-02.40.49:783][562]LogWorld: Bringing up level for play took: 0.001016
[2018.04.04-02.40.49:787][562]PIE: Play in editor start time for /Game/SideScrollerBP/Maps/UEDPIE_0_SideScrollerExampleMap 0.892
[2018.04.04-02.40.49:787][562]LogBlueprintUserMessages: Late PlayInEditor Detection: Level '/Game/SideScrollerBP/Maps/SideScrollerExampleMap.SideScrollerExampleMap:PersistentLevel' has LevelScriptBlueprint '/Game/SideScrollerBP/Maps/SideScrollerExampleMap.SideScrollerExampleMap:PersistentLevel.SideScrollerExampleMap' with GeneratedClass '/Game/SideScrollerBP/Maps/SideScrollerExampleMap.SideScrollerExampleMap_C' with ClassGeneratedBy '/Game/SideScrollerBP/Maps/SideScrollerExampleMap.SideScrollerExampleMap:PersistentLevel.SideScrollerExampleMap'
[2018.04.04-02.40.50:346][594]LogBlueprintUserMessages: Early EndPlayMap Detection: Level '/Game/SideScrollerBP/Maps/SideScrollerExampleMap.SideScrollerExampleMap:PersistentLevel' has LevelScriptBlueprint '/Game/SideScrollerBP/Maps/SideScrollerExampleMap.SideScrollerExampleMap:PersistentLevel.SideScrollerExampleMap' with GeneratedClass '/Game/SideScrollerBP/Maps/SideScrollerExampleMap.SideScrollerExampleMap_C' with ClassGeneratedBy '/Game/SideScrollerBP/Maps/SideScrollerExampleMap.SideScrollerExampleMap:PersistentLevel.SideScrollerExampleMap'
[2018.04.04-02.40.50:383][594]LogBlueprintUserMessages: Late EndPlayMap Detection: Level '/Game/SideScrollerBP/Maps/SideScrollerExampleMap.SideScrollerExampleMap:PersistentLevel' has LevelScriptBlueprint '/Game/SideScrollerBP/Maps/SideScrollerExampleMap.SideScrollerExampleMap:PersistentLevel.SideScrollerExampleMap' with GeneratedClass '/Game/SideScrollerBP/Maps/SideScrollerExampleMap.SideScrollerExampleMap_C' with ClassGeneratedBy '/Game/SideScrollerBP/Maps/SideScrollerExampleMap.SideScrollerExampleMap:PersistentLevel.SideScrollerExampleMap'
[2018.04.04-02.42.11:270][481]LogSavePackage: Save=167.52ms
[2018.04.04-02.42.11:270][481]LogSavePackage: Moving 'C:/Users/Marc/Desktop/UE4_FinalProject/StreetFighter/Saved/SideScrollerExampleMap_Auto1A6365DB845BDA5220FBBFAB2F195D0CC.tmp' to 'C:/Users/Marc/Desktop/UE4_FinalProject/StreetFighter/Saved/Autosaves/Game/SideScrollerBP/Maps/SideScrollerExampleMap_Auto1.umap'
[2018.04.04-02.42.11:272][481]LogSavePackage: Display: Finished SavePackage C:/Users/Marc/Desktop/UE4_FinalProject/StreetFighter/Saved/Autosaves/Game/SideScrollerBP/Maps/SideScrollerExampleMap_Auto1.umap
[2018.04.04-02.42.11:278][481]LogFileHelpers: Editor autosave (incl. sublevels) for '/Game/SideScrollerBP/Maps/SideScrollerExampleMap' took 0.547
[2018.04.04-02.42.11:278][481]LogFileHelpers: Editor autosave (incl. sublevels) for all levels took 0.547
[2018.04.04-02.42.15:918][720]LogEditorViewport: Clicking on Actor (LMB): CameraActor (CameraActor)
[2018.04.04-02.45.55:595][ 59]BlueprintLog: New page: Compile SideScrollerExampleMap
[2018.04.04-02.45.58:955][110]LogSavePackage: Save=156.08ms
[2018.04.04-02.45.58:955][110]LogSavePackage: Moving 'C:/Users/Marc/Desktop/UE4_FinalProject/StreetFighter/Saved/SideScrollerExampleMap7683A24A44118CB689878595E13B1810.tmp' to 'C:/Users/Marc/Desktop/UE4_FinalProject/StreetFighter/Content/SideScrollerBP/Maps/SideScrollerExampleMap.umap'
[2018.04.04-02.45.58:965][110]LogSavePackage: Display: Finished SavePackage C:/Users/Marc/Desktop/UE4_FinalProject/StreetFighter/Content/SideScrollerBP/Maps/SideScrollerExampleMap.umap
[2018.04.04-02.45.59:006][110]LogFileHelpers: Saving map 'SideScrollerExampleMap' took 2.449
[2018.04.04-02.46.01:553][263]LogTemp: Repeating last play command: Selected Viewport
[2018.04.04-02.46.01:572][263]LogBlueprintUserMessages: Early PlayInEditor Detection: Level '/Game/SideScrollerBP/Maps/SideScrollerExampleMap.SideScrollerExampleMap:PersistentLevel' has LevelScriptBlueprint '/Game/SideScrollerBP/Maps/SideScrollerExampleMap.SideScrollerExampleMap:PersistentLevel.SideScrollerExampleMap' with GeneratedClass '/Game/SideScrollerBP/Maps/SideScrollerExampleMap.SideScrollerExampleMap_C' with ClassGeneratedBy '/Game/SideScrollerBP/Maps/SideScrollerExampleMap.SideScrollerExampleMap:PersistentLevel.SideScrollerExampleMap'
[2018.04.04-02.46.01:573][263]LogPlayLevel: PlayLevel: No blueprints needed recompiling
[2018.04.04-02.46.01:573][263]PIE: New page: PIE session: SideScrollerExampleMap (Apr 3, 2018, 12:46:01 PM)
[2018.04.04-02.46.01:573][263]LogPlayLevel: Creating play world package: /Game/SideScrollerBP/Maps/UEDPIE_0_SideScrollerExampleMap
[2018.04.04-02.46.01:588][263]LogPlayLevel: PIE: StaticDuplicateObject took: (0.015716s)
[2018.04.04-02.46.01:589][263]LogAIModule: Creating AISystem for world SideScrollerExampleMap
[2018.04.04-02.46.01:589][263]LogPlayLevel: PIE: World Init took: (0.000676s)
[2018.04.04-02.46.01:589][263]LogPlayLevel: PIE: Created PIE world by copying editor world from /Game/SideScrollerBP/Maps/SideScrollerExampleMap.SideScrollerExampleMap to /Game/SideScrollerBP/Maps/UEDPIE_0_SideScrollerExampleMap.SideScrollerExampleMap (0.016641s)
[2018.04.04-02.46.01:636][263]LogInit: XAudio2 using 'Speakers (Realtek High Definition Audio)' : 2 channels at 48 kHz using 32 bits per sample (channel mask 0x3)
[2018.04.04-02.46.01:645][263]LogInit: FAudioDevice initialized.
[2018.04.04-02.46.01:677][263]LogLoad: Game class is 'SideScrollerGameMode_C'
[2018.04.04-02.46.01:679][263]LogWorld: Bringing World /Game/SideScrollerBP/Maps/UEDPIE_0_SideScrollerExampleMap.SideScrollerExampleMap up for play (max tick rate 60) at 2018.04.03-19.46.01
[2018.04.04-02.46.01:679][263]LogWorld: Bringing up level for play took: 0.000984
[2018.04.04-02.46.01:787][263]PIE: Play in editor start time for /Game/SideScrollerBP/Maps/UEDPIE_0_SideScrollerExampleMap 0.847
[2018.04.04-02.46.01:787][263]LogBlueprintUserMessages: Late PlayInEditor Detection: Level '/Game/SideScrollerBP/Maps/SideScrollerExampleMap.SideScrollerExampleMap:PersistentLevel' has LevelScriptBlueprint '/Game/SideScrollerBP/Maps/SideScrollerExampleMap.SideScrollerExampleMap:PersistentLevel.SideScrollerExampleMap' with GeneratedClass '/Game/SideScrollerBP/Maps/SideScrollerExampleMap.SideScrollerExampleMap_C' with ClassGeneratedBy '/Game/SideScrollerBP/Maps/SideScrollerExampleMap.SideScrollerExampleMap:PersistentLevel.SideScrollerExampleMap'
[2018.04.04-02.46.06:842][565]LogBlueprintUserMessages: Early EndPlayMap Detection: Level '/Game/SideScrollerBP/Maps/SideScrollerExampleMap.SideScrollerExampleMap:PersistentLevel' has LevelScriptBlueprint '/Game/SideScrollerBP/Maps/SideScrollerExampleMap.SideScrollerExampleMap:PersistentLevel.SideScrollerExampleMap' with GeneratedClass '/Game/SideScrollerBP/Maps/SideScrollerExampleMap.SideScrollerExampleMap_C' with ClassGeneratedBy '/Game/SideScrollerBP/Maps/SideScrollerExampleMap.SideScrollerExampleMap:PersistentLevel.SideScrollerExampleMap'
[2018.04.04-02.46.06:877][565]LogBlueprintUserMessages: Late EndPlayMap Detection: Level '/Game/SideScrollerBP/Maps/SideScrollerExampleMap.SideScrollerExampleMap:PersistentLevel' has LevelScriptBlueprint '/Game/SideScrollerBP/Maps/SideScrollerExampleMap.SideScrollerExampleMap:PersistentLevel.SideScrollerExampleMap' with GeneratedClass '/Game/SideScrollerBP/Maps/SideScrollerExampleMap.SideScrollerExampleMap_C' with ClassGeneratedBy '/Game/SideScrollerBP/Maps/SideScrollerExampleMap.SideScrollerExampleMap:PersistentLevel.SideScrollerExampleMap'
